SF:/home/tasuku/com/github/signal-slot/embedded-charts/src/animation.rs
FN:498,_RINvMsa_NtCs1I4G5KWFz5n_15embedded_charts9animationNtB6_17TimeBasedProgress18progress_from_timeNtNtB8_4time18ManualTimeProviderEB8_
FN:247,_RNCNvMs6_NtCs1I4G5KWFz5n_15embedded_charts9animationINtB7_18MultiStateAnimatorfKj4_E12add_keyframe0B9_
FN:256,_RNCNvMs6_NtCs1I4G5KWFz5n_15embedded_charts9animationINtB7_18MultiStateAnimatorfKj4_E12add_keyframes0_0B9_
FN:251,_RNCNvMs6_NtCs1I4G5KWFz5n_15embedded_charts9animationINtB7_18MultiStateAnimatorfKj4_E12add_keyframes_0B9_
FN:148,_RNvMs5_NtCs1I4G5KWFz5n_15embedded_charts9animationINtB5_13ChartAnimatorfE3newB7_
FN:163,_RNvMs5_NtCs1I4G5KWFz5n_15embedded_charts9animationINtB5_13ChartAnimatorfE8value_atB7_
FN:241,_RNvMs6_NtCs1I4G5KWFz5n_15embedded_charts9animationINtB5_18MultiStateAnimatorfKj4_E12add_keyframeB7_
FN:225,_RNvMs6_NtCs1I4G5KWFz5n_15embedded_charts9animationINtB5_18MultiStateAnimatorfKj4_E3newB7_
FN:268,_RNvMs6_NtCs1I4G5KWFz5n_15embedded_charts9animationINtB5_18MultiStateAnimatorfKj4_E8value_atB7_
FN:377,_RNvMs8_NtCs1I4G5KWFz5n_15embedded_charts9animationINtB5_17StreamingAnimatorfE12current_dataB7_
FN:413,_RNvMs8_NtCs1I4G5KWFz5n_15embedded_charts9animationINtB5_17StreamingAnimatorfE3lenB7_
FN:358,_RNvMs8_NtCs1I4G5KWFz5n_15embedded_charts9animationINtB5_17StreamingAnimatorfE3newB7_
FN:418,_RNvMs8_NtCs1I4G5KWFz5n_15embedded_charts9animationINtB5_17StreamingAnimatorfE8is_emptyB7_
FN:370,_RNvMs8_NtCs1I4G5KWFz5n_15embedded_charts9animationINtB5_17StreamingAnimatorfE9push_dataB7_
FN:34,_RNvMNtCs1I4G5KWFz5n_15embedded_charts9animationNtB2_14EasingFunction5apply
FN:483,_RNvMsa_NtCs1I4G5KWFz5n_15embedded_charts9animationNtB5_17TimeBasedProgress11new_looping
FN:531,_RNvMsa_NtCs1I4G5KWFz5n_15embedded_charts9animationNtB5_17TimeBasedProgress21progress_from_elapsed
FN:471,_RNvMsa_NtCs1I4G5KWFz5n_15embedded_charts9animationNtB5_17TimeBasedProgress3new
FN:63,_RNvXs0_NtCs1I4G5KWFz5n_15embedded_charts9animationlNtB5_14Interpolatable11interpolate
FN:57,_RNvXs_NtCs1I4G5KWFz5n_15embedded_charts9animationfNtB4_14Interpolatable11interpolate
FN:551,_RINvMsa_NtCs1I4G5KWFz5n_15embedded_charts9animationNtB6_17TimeBasedProgress11is_completepEB8_
FN:190,_RNvMs5_NtCs1I4G5KWFz5n_15embedded_charts9animationINtB5_13ChartAnimatorpE10from_stateB7_
FN:205,_RNvMs5_NtCs1I4G5KWFz5n_15embedded_charts9animationINtB5_13ChartAnimatorpE10set_easingB7_
FN:184,_RNvMs5_NtCs1I4G5KWFz5n_15embedded_charts9animationINtB5_13ChartAnimatorpE10set_statesB7_
FN:175,_RNvMs5_NtCs1I4G5KWFz5n_15embedded_charts9animationINtB5_13ChartAnimatorpE10set_targetB7_
FN:200,_RNvMs5_NtCs1I4G5KWFz5n_15embedded_charts9animationINtB5_13ChartAnimatorpE6easingB7_
FN:195,_RNvMs5_NtCs1I4G5KWFz5n_15embedded_charts9animationINtB5_13ChartAnimatorpE8to_stateB7_
FN:324,_RNvMs6_NtCs1I4G5KWFz5n_15embedded_charts9animationINtB5_18MultiStateAnimatorpKpE14keyframe_countB7_
FN:329,_RNvMs6_NtCs1I4G5KWFz5n_15embedded_charts9animationINtB5_18MultiStateAnimatorpKpE5clearB7_
FN:435,_RNvMs8_NtCs1I4G5KWFz5n_15embedded_charts9animationINtB5_17StreamingAnimatorpE17update_with_deltaB7_
FN:390,_RNvMs8_NtCs1I4G5KWFz5n_15embedded_charts9animationINtB5_17StreamingAnimatorpE22interpolation_progressB7_
FN:398,_RNvMs8_NtCs1I4G5KWFz5n_15embedded_charts9animationINtB5_17StreamingAnimatorpE24set_smooth_interpolationB7_
FN:385,_RNvMs8_NtCs1I4G5KWFz5n_15embedded_charts9animationINtB5_17StreamingAnimatorpE26set_interpolation_progressB7_
FN:403,_RNvMs8_NtCs1I4G5KWFz5n_15embedded_charts9animationINtB5_17StreamingAnimatorpE31is_smooth_interpolation_enabledB7_
FN:423,_RNvMs8_NtCs1I4G5KWFz5n_15embedded_charts9animationINtB5_17StreamingAnimatorpE5clearB7_
FN:408,_RNvMs8_NtCs1I4G5KWFz5n_15embedded_charts9animationINtB5_17StreamingAnimatorpE8capacityB7_
FN:576,_RNvMsa_NtCs1I4G5KWFz5n_15embedded_charts9animationNtB5_17TimeBasedProgress10is_looping
FN:566,_RNvMsa_NtCs1I4G5KWFz5n_15embedded_charts9animationNtB5_17TimeBasedProgress11duration_ms
FN:581,_RNvMsa_NtCs1I4G5KWFz5n_15embedded_charts9animationNtB5_17TimeBasedProgress11set_looping
FN:571,_RNvMsa_NtCs1I4G5KWFz5n_15embedded_charts9animationNtB5_17TimeBasedProgress15set_duration_ms
FN:543,_RNvMsa_NtCs1I4G5KWFz5n_15embedded_charts9animationNtB5_17TimeBasedProgress5reset
FN:108,_RNvXININtCs1I4G5KWFz5n_15embedded_charts9animations4_0KpEINtNtCskfOXI52s3xc_8heapless3vec3VecfKpENtB5_14Interpolatable11interpolateB7_
FN:336,_RNvXININtCs1I4G5KWFz5n_15embedded_charts9animations7_0pKpEINtB5_18MultiStateAnimatorpKpENtNtCs3XRySYX51hI_4core7default7Default7defaultB7_
FN:446,_RNvXININtCs1I4G5KWFz5n_15embedded_charts9animations9_0pEINtB5_17StreamingAnimatorpENtNtCs3XRySYX51hI_4core7default7Default7defaultB7_
FN:78,_RNvXs2_NtCs1I4G5KWFz5n_15embedded_charts9animationNtNtNtB7_4data5point8IntPointNtB5_14Interpolatable11interpolate
FN:87,_RNvXs3_NtCs1I4G5KWFz5n_15embedded_charts9animationINtNtNtB7_4data6series16StaticDataSeriesNtNtBR_5point7Point2DKj100_ENtB5_14Interpolatable11interpolate
FN:69,_RNvXs1_NtCs1I4G5KWFz5n_15embedded_charts9animationNtNtNtB7_4data5point7Point2DNtB5_14Interpolatable11interpolate
FN:612,_RNvNtNtCs1I4G5KWFz5n_15embedded_charts9animation5testss_19test_chart_animator
FN:592,_RNvNtNtCs1I4G5KWFz5n_15embedded_charts9animation5testss_21test_easing_functions
FN:600,_RNvNtNtCs1I4G5KWFz5n_15embedded_charts9animation5testss_23test_interpolatable_f32
FN:606,_RNvNtNtCs1I4G5KWFz5n_15embedded_charts9animation5testss_23test_interpolatable_i32
FN:650,_RNvNtNtCs1I4G5KWFz5n_15embedded_charts9animation5testss_23test_streaming_animator
FN:667,_RNvNtNtCs1I4G5KWFz5n_15embedded_charts9animation5testss_24test_time_based_progress
FN:629,_RNvNtNtCs1I4G5KWFz5n_15embedded_charts9animation5testss_25test_multi_state_animator
FN:621,_RNvNtNtCs1I4G5KWFz5n_15embedded_charts9animation5testss_26test_chart_animator_easing
FN:705,_RNvNtNtCs1I4G5KWFz5n_15embedded_charts9animation5testss_26test_progress_from_elapsed
FN:688,_RNvNtNtCs1I4G5KWFz5n_15embedded_charts9animation5testss_32test_time_based_progress_looping
FNDA:7,_RINvMsa_NtCs1I4G5KWFz5n_15embedded_charts9animationNtB6_17TimeBasedProgress18progress_from_timeNtNtB8_4time18ManualTimeProviderEB8_
FNDA:0,_RNCNvMs6_NtCs1I4G5KWFz5n_15embedded_charts9animationINtB7_18MultiStateAnimatorfKj4_E12add_keyframe0B9_
FNDA:6,_RNCNvMs6_NtCs1I4G5KWFz5n_15embedded_charts9animationINtB7_18MultiStateAnimatorfKj4_E12add_keyframes0_0B9_
FNDA:0,_RNCNvMs6_NtCs1I4G5KWFz5n_15embedded_charts9animationINtB7_18MultiStateAnimatorfKj4_E12add_keyframes_0B9_
FNDA:2,_RNvMs5_NtCs1I4G5KWFz5n_15embedded_charts9animationINtB5_13ChartAnimatorfE3newB7_
FNDA:4,_RNvMs5_NtCs1I4G5KWFz5n_15embedded_charts9animationINtB5_13ChartAnimatorfE8value_atB7_
FNDA:3,_RNvMs6_NtCs1I4G5KWFz5n_15embedded_charts9animationINtB5_18MultiStateAnimatorfKj4_E12add_keyframeB7_
FNDA:1,_RNvMs6_NtCs1I4G5KWFz5n_15embedded_charts9animationINtB5_18MultiStateAnimatorfKj4_E3newB7_
FNDA:5,_RNvMs6_NtCs1I4G5KWFz5n_15embedded_charts9animationINtB5_18MultiStateAnimatorfKj4_E8value_atB7_
FNDA:1,_RNvMs8_NtCs1I4G5KWFz5n_15embedded_charts9animationINtB5_17StreamingAnimatorfE12current_dataB7_
FNDA:1,_RNvMs8_NtCs1I4G5KWFz5n_15embedded_charts9animationINtB5_17StreamingAnimatorfE3lenB7_
FNDA:1,_RNvMs8_NtCs1I4G5KWFz5n_15embedded_charts9animationINtB5_17StreamingAnimatorfE3newB7_
FNDA:2,_RNvMs8_NtCs1I4G5KWFz5n_15embedded_charts9animationINtB5_17StreamingAnimatorfE8is_emptyB7_
FNDA:2,_RNvMs8_NtCs1I4G5KWFz5n_15embedded_charts9animationINtB5_17StreamingAnimatorfE9push_dataB7_
FNDA:12,_RNvMNtCs1I4G5KWFz5n_15embedded_charts9animationNtB2_14EasingFunction5apply
FNDA:1,_RNvMsa_NtCs1I4G5KWFz5n_15embedded_charts9animationNtB5_17TimeBasedProgress11new_looping
FNDA:4,_RNvMsa_NtCs1I4G5KWFz5n_15embedded_charts9animationNtB5_17TimeBasedProgress21progress_from_elapsed
FNDA:2,_RNvMsa_NtCs1I4G5KWFz5n_15embedded_charts9animationNtB5_17TimeBasedProgress3new
FNDA:1,_RNvXs0_NtCs1I4G5KWFz5n_15embedded_charts9animationlNtB5_14Interpolatable11interpolate
FNDA:9,_RNvXs_NtCs1I4G5KWFz5n_15embedded_charts9animationfNtB4_14Interpolatable11interpolate
FNDA:0,_RINvMsa_NtCs1I4G5KWFz5n_15embedded_charts9animationNtB6_17TimeBasedProgress11is_completepEB8_
FNDA:0,_RNvMs5_NtCs1I4G5KWFz5n_15embedded_charts9animationINtB5_13ChartAnimatorpE10from_stateB7_
FNDA:0,_RNvMs5_NtCs1I4G5KWFz5n_15embedded_charts9animationINtB5_13ChartAnimatorpE10set_easingB7_
FNDA:0,_RNvMs5_NtCs1I4G5KWFz5n_15embedded_charts9animationINtB5_13ChartAnimatorpE10set_statesB7_
FNDA:0,_RNvMs5_NtCs1I4G5KWFz5n_15embedded_charts9animationINtB5_13ChartAnimatorpE10set_targetB7_
FNDA:0,_RNvMs5_NtCs1I4G5KWFz5n_15embedded_charts9animationINtB5_13ChartAnimatorpE6easingB7_
FNDA:0,_RNvMs5_NtCs1I4G5KWFz5n_15embedded_charts9animationINtB5_13ChartAnimatorpE8to_stateB7_
FNDA:0,_RNvMs6_NtCs1I4G5KWFz5n_15embedded_charts9animationINtB5_18MultiStateAnimatorpKpE14keyframe_countB7_
FNDA:0,_RNvMs6_NtCs1I4G5KWFz5n_15embedded_charts9animationINtB5_18MultiStateAnimatorpKpE5clearB7_
FNDA:0,_RNvMs8_NtCs1I4G5KWFz5n_15embedded_charts9animationINtB5_17StreamingAnimatorpE17update_with_deltaB7_
FNDA:0,_RNvMs8_NtCs1I4G5KWFz5n_15embedded_charts9animationINtB5_17StreamingAnimatorpE22interpolation_progressB7_
FNDA:0,_RNvMs8_NtCs1I4G5KWFz5n_15embedded_charts9animationINtB5_17StreamingAnimatorpE24set_smooth_interpolationB7_
FNDA:0,_RNvMs8_NtCs1I4G5KWFz5n_15embedded_charts9animationINtB5_17StreamingAnimatorpE26set_interpolation_progressB7_
FNDA:0,_RNvMs8_NtCs1I4G5KWFz5n_15embedded_charts9animationINtB5_17StreamingAnimatorpE31is_smooth_interpolation_enabledB7_
FNDA:0,_RNvMs8_NtCs1I4G5KWFz5n_15embedded_charts9animationINtB5_17StreamingAnimatorpE5clearB7_
FNDA:0,_RNvMs8_NtCs1I4G5KWFz5n_15embedded_charts9animationINtB5_17StreamingAnimatorpE8capacityB7_
FNDA:0,_RNvMsa_NtCs1I4G5KWFz5n_15embedded_charts9animationNtB5_17TimeBasedProgress10is_looping
FNDA:0,_RNvMsa_NtCs1I4G5KWFz5n_15embedded_charts9animationNtB5_17TimeBasedProgress11duration_ms
FNDA:0,_RNvMsa_NtCs1I4G5KWFz5n_15embedded_charts9animationNtB5_17TimeBasedProgress11set_looping
FNDA:0,_RNvMsa_NtCs1I4G5KWFz5n_15embedded_charts9animationNtB5_17TimeBasedProgress15set_duration_ms
FNDA:0,_RNvMsa_NtCs1I4G5KWFz5n_15embedded_charts9animationNtB5_17TimeBasedProgress5reset
FNDA:0,_RNvXININtCs1I4G5KWFz5n_15embedded_charts9animations4_0KpEINtNtCskfOXI52s3xc_8heapless3vec3VecfKpENtB5_14Interpolatable11interpolateB7_
FNDA:0,_RNvXININtCs1I4G5KWFz5n_15embedded_charts9animations7_0pKpEINtB5_18MultiStateAnimatorpKpENtNtCs3XRySYX51hI_4core7default7Default7defaultB7_
FNDA:0,_RNvXININtCs1I4G5KWFz5n_15embedded_charts9animations9_0pEINtB5_17StreamingAnimatorpENtNtCs3XRySYX51hI_4core7default7Default7defaultB7_
FNDA:0,_RNvXs2_NtCs1I4G5KWFz5n_15embedded_charts9animationNtNtNtB7_4data5point8IntPointNtB5_14Interpolatable11interpolate
FNDA:0,_RNvXs3_NtCs1I4G5KWFz5n_15embedded_charts9animationINtNtNtB7_4data6series16StaticDataSeriesNtNtBR_5point7Point2DKj100_ENtB5_14Interpolatable11interpolate
FNDA:1,_RNvXs1_NtCs1I4G5KWFz5n_15embedded_charts9animationNtNtNtB7_4data5point7Point2DNtB5_14Interpolatable11interpolate
FNDA:1,_RNvNtNtCs1I4G5KWFz5n_15embedded_charts9animation5testss_19test_chart_animator
FNDA:1,_RNvNtNtCs1I4G5KWFz5n_15embedded_charts9animation5testss_21test_easing_functions
FNDA:1,_RNvNtNtCs1I4G5KWFz5n_15embedded_charts9animation5testss_23test_interpolatable_f32
FNDA:1,_RNvNtNtCs1I4G5KWFz5n_15embedded_charts9animation5testss_23test_interpolatable_i32
FNDA:1,_RNvNtNtCs1I4G5KWFz5n_15embedded_charts9animation5testss_23test_streaming_animator
FNDA:1,_RNvNtNtCs1I4G5KWFz5n_15embedded_charts9animation5testss_24test_time_based_progress
FNDA:1,_RNvNtNtCs1I4G5KWFz5n_15embedded_charts9animation5testss_25test_multi_state_animator
FNDA:1,_RNvNtNtCs1I4G5KWFz5n_15embedded_charts9animation5testss_26test_chart_animator_easing
FNDA:1,_RNvNtNtCs1I4G5KWFz5n_15embedded_charts9animation5testss_26test_progress_from_elapsed
FNDA:1,_RNvNtNtCs1I4G5KWFz5n_15embedded_charts9animation5testss_32test_time_based_progress_looping
FNF:57
FNH:29
DA:34,12
DA:35,12
DA:36,8
DA:37,2
DA:38,1
DA:40,1
DA:41,0
DA:43,1
DA:47,12
DA:57,9
DA:58,9
DA:59,9
DA:63,1
DA:64,1
DA:65,1
DA:69,1
DA:70,1
DA:71,1
DA:72,1
DA:73,1
DA:74,1
DA:78,0
DA:79,0
DA:80,0
DA:81,0
DA:82,0
DA:83,0
DA:87,0
DA:88,0
DA:89,0
DA:90,0
DA:91,0
DA:93,0
DA:94,0
DA:95,0
DA:96,0
DA:97,0
DA:98,0
DA:99,0
DA:100,0
DA:103,0
DA:104,0
DA:108,0
DA:109,0
DA:110,0
DA:111,0
DA:112,0
DA:114,0
DA:115,0
DA:116,0
DA:117,0
DA:118,0
DA:119,0
DA:120,0
DA:123,0
DA:124,0
DA:148,2
DA:149,2
DA:150,2
DA:151,2
DA:152,2
DA:153,2
DA:154,2
DA:163,4
DA:164,4
DA:165,4
DA:166,4
DA:167,4
DA:168,4
DA:169,4
DA:175,0
DA:176,0
DA:177,0
DA:184,0
DA:185,0
DA:186,0
DA:187,0
DA:190,0
DA:191,0
DA:192,0
DA:195,0
DA:196,0
DA:197,0
DA:200,0
DA:201,0
DA:202,0
DA:205,0
DA:206,0
DA:207,0
DA:225,1
DA:226,1
DA:227,1
DA:228,1
DA:229,1
DA:230,1
DA:241,3
DA:242,3
DA:243,3
DA:244,3
DA:245,3
DA:246,3
DA:247,3
DA:248,0
DA:249,0
DA:251,3
DA:252,0
DA:253,0
DA:256,6
DA:258,3
DA:259,3
DA:268,5
DA:269,5
DA:270,0
DA:271,5
DA:272,5
DA:273,5
DA:274,0
DA:275,5
DA:276,5
DA:277,5
DA:278,5
DA:279,5
DA:281,13
DA:282,13
DA:283,9
DA:284,9
DA:285,4
DA:286,4
DA:291,5
DA:292,1
DA:293,4
DA:294,4
DA:295,4
DA:296,4
DA:297,0
DA:298,4
DA:300,4
DA:301,4
DA:302,4
DA:303,4
DA:304,4
DA:305,4
DA:306,0
DA:307,4
DA:308,4
DA:309,4
DA:310,4
DA:311,4
DA:312,4
DA:313,4
DA:314,4
DA:315,4
DA:316,4
DA:317,4
DA:318,4
DA:319,4
DA:320,4
DA:321,5
DA:324,0
DA:325,0
DA:326,0
DA:329,0
DA:330,0
DA:331,0
DA:332,0
DA:336,0
DA:337,0
DA:338,0
DA:358,1
DA:359,1
DA:360,1
DA:361,1
DA:362,1
DA:363,1
DA:364,1
DA:370,2
DA:371,2
DA:372,2
DA:373,2
DA:374,2
DA:377,1
DA:378,1
DA:379,1
DA:385,0
DA:386,0
DA:387,0
DA:390,0
DA:391,0
DA:392,0
DA:398,0
DA:399,0
DA:400,0
DA:403,0
DA:404,0
DA:405,0
DA:408,0
DA:409,0
DA:410,0
DA:413,1
DA:414,1
DA:415,1
DA:418,2
DA:419,2
DA:420,2
DA:423,0
DA:424,0
DA:425,0
DA:426,0
DA:435,0
DA:436,0
DA:437,0
DA:438,0
DA:439,0
DA:440,0
DA:441,0
DA:442,0
DA:446,0
DA:447,0
DA:448,0
DA:471,2
DA:472,2
DA:473,2
DA:474,2
DA:475,2
DA:476,2
DA:477,2
DA:483,1
DA:484,1
DA:485,1
DA:486,1
DA:487,1
DA:488,1
DA:489,1
DA:498,7
DA:499,7
DA:500,7
DA:501,7
DA:502,7
DA:503,2
DA:504,2
DA:505,5
DA:506,5
DA:507,5
DA:508,5
DA:509,5
DA:510,5
DA:512,2
DA:513,2
DA:516,3
DA:517,2
DA:519,1
DA:522,7
DA:531,4
DA:532,4
DA:533,0
DA:534,0
DA:535,4
DA:536,2
DA:538,2
DA:540,4
DA:543,0
DA:544,0
DA:545,0
DA:551,0
DA:552,0
DA:553,0
DA:554,0
DA:556,0
DA:557,0
DA:558,0
DA:559,0
DA:561,0
DA:563,0
DA:566,0
DA:567,0
DA:568,0
DA:571,0
DA:572,0
DA:573,0
DA:576,0
DA:577,0
DA:578,0
DA:581,0
DA:582,0
DA:583,0
DA:592,1
DA:593,1
DA:594,1
DA:595,1
DA:596,1
DA:597,1
DA:600,1
DA:601,1
DA:602,1
DA:603,1
DA:606,1
DA:607,1
DA:608,1
DA:609,1
DA:612,1
DA:613,1
DA:614,1
DA:615,1
DA:616,1
DA:617,1
DA:618,1
DA:621,1
DA:622,1
DA:623,1
DA:624,1
DA:625,1
DA:626,1
DA:629,1
DA:630,1
DA:631,1
DA:632,1
DA:633,1
DA:634,1
DA:635,1
DA:636,1
DA:637,1
DA:638,1
DA:639,1
DA:640,1
DA:641,1
DA:642,1
DA:643,1
DA:644,1
DA:645,1
DA:646,1
DA:647,1
DA:650,1
DA:651,1
DA:652,1
DA:653,1
DA:655,1
DA:656,1
DA:657,1
DA:658,1
DA:659,1
DA:661,1
DA:662,1
DA:663,1
DA:664,1
DA:667,1
DA:668,1
DA:669,1
DA:670,1
DA:671,1
DA:672,1
DA:675,1
DA:676,1
DA:679,1
DA:680,1
DA:683,1
DA:684,1
DA:685,1
DA:688,1
DA:689,1
DA:690,1
DA:691,1
DA:692,1
DA:693,1
DA:696,1
DA:697,1
DA:700,1
DA:701,1
DA:702,1
DA:705,1
DA:706,1
DA:707,1
DA:708,1
DA:709,1
DA:710,1
DA:711,1
DA:712,1
BRF:0
BRH:0
LF:381
LH:247
end_of_record
SF:/home/tasuku/com/github/signal-slot/embedded-charts/src/axes/builder.rs
FN:285,_RINvNtNtNtCs1I4G5KWFz5n_15embedded_charts4axes7builder7presets14minimal_y_axispEB8_
FN:293,_RINvNtNtNtCs1I4G5KWFz5n_15embedded_charts4axes7builder7presets19professional_x_axispEB8_
FN:309,_RINvNtNtNtCs1I4G5KWFz5n_15embedded_charts4axes7builder7presets9time_axispEB8_
FN:114,_RNvMNtNtCs1I4G5KWFz5n_15embedded_charts4axes7builderINtB2_17LinearAxisBuilderppE10show_ticksB6_
FN:120,_RNvMNtNtCs1I4G5KWFz5n_15embedded_charts4axes7builderINtB2_17LinearAxisBuilderppE11show_labelsB6_
FN:63,_RNvMNtNtCs1I4G5KWFz5n_15embedded_charts4axes7builderINtB2_17LinearAxisBuilderppE3maxB6_
FN:57,_RNvMNtNtCs1I4G5KWFz5n_15embedded_charts4axes7builderINtB2_17LinearAxisBuilderppE3minB6_
FN:90,_RNvMNtNtCs1I4G5KWFz5n_15embedded_charts4axes7builderINtB2_17LinearAxisBuilderppE5styleB6_
FN:108,_RNvMNtNtCs1I4G5KWFz5n_15embedded_charts4axes7builderINtB2_17LinearAxisBuilderppE9show_lineB6_
FN:220,_RNvMs_NtNtCs1I4G5KWFz5n_15embedded_charts4axes7builderINtB4_17CustomAxisBuilderppE10show_ticksB8_
FN:226,_RNvMs_NtNtCs1I4G5KWFz5n_15embedded_charts4axes7builderINtB4_17CustomAxisBuilderppE11show_labelsB8_
FN:208,_RNvMs_NtNtCs1I4G5KWFz5n_15embedded_charts4axes7builderINtB4_17CustomAxisBuilderppE5styleB8_
FN:232,_RNvMs_NtNtCs1I4G5KWFz5n_15embedded_charts4axes7builderINtB4_17CustomAxisBuilderppE9show_gridB8_
FN:214,_RNvMs_NtNtCs1I4G5KWFz5n_15embedded_charts4axes7builderINtB4_17CustomAxisBuilderppE9show_lineB8_
FN:314,_RNvNtNtNtCs1I4G5KWFz5n_15embedded_charts4axes7builder7presets15percentage_axis
FN:69,_RNvMNtNtCs1I4G5KWFz5n_15embedded_charts4axes7builderINtB2_17LinearAxisBuilderfNtNtNtCshH4H1wHMe2V_22embedded_graphics_core10pixelcolor9rgb_color6Rgb565E10tick_countB6_
FN:96,_RNvMNtNtCs1I4G5KWFz5n_15embedded_charts4axes7builderINtB2_17LinearAxisBuilderfNtNtNtCshH4H1wHMe2V_22embedded_graphics_core10pixelcolor9rgb_color6Rgb565E13minimal_styleB6_
FN:78,_RNvMNtNtCs1I4G5KWFz5n_15embedded_charts4axes7builderINtB2_17LinearAxisBuilderfNtNtNtCshH4H1wHMe2V_22embedded_graphics_core10pixelcolor9rgb_color6Rgb565E16with_minor_ticksB6_
FN:102,_RNvMNtNtCs1I4G5KWFz5n_15embedded_charts4axes7builderINtB2_17LinearAxisBuilderfNtNtNtCshH4H1wHMe2V_22embedded_graphics_core10pixelcolor9rgb_color6Rgb565E18professional_styleB6_
FN:84,_RNvMNtNtCs1I4G5KWFz5n_15embedded_charts4axes7builderINtB2_17LinearAxisBuilderfNtNtNtCshH4H1wHMe2V_22embedded_graphics_core10pixelcolor9rgb_color6Rgb565E19without_minor_ticksB6_
FN:34,_RNvMNtNtCs1I4G5KWFz5n_15embedded_charts4axes7builderINtB2_17LinearAxisBuilderfNtNtNtCshH4H1wHMe2V_22embedded_graphics_core10pixelcolor9rgb_color6Rgb565E3newB6_
FN:132,_RNvMNtNtCs1I4G5KWFz5n_15embedded_charts4axes7builderINtB2_17LinearAxisBuilderfNtNtNtCshH4H1wHMe2V_22embedded_graphics_core10pixelcolor9rgb_color6Rgb565E5buildB6_
FN:50,_RNvMNtNtCs1I4G5KWFz5n_15embedded_charts4axes7builderINtB2_17LinearAxisBuilderfNtNtNtCshH4H1wHMe2V_22embedded_graphics_core10pixelcolor9rgb_color6Rgb565E5rangeB6_
FN:126,_RNvMNtNtCs1I4G5KWFz5n_15embedded_charts4axes7builderINtB2_17LinearAxisBuilderfNtNtNtCshH4H1wHMe2V_22embedded_graphics_core10pixelcolor9rgb_color6Rgb565E9show_gridB6_
FN:196,_RNvMs_NtNtCs1I4G5KWFz5n_15embedded_charts4axes7builderINtB4_17CustomAxisBuilderfNtNtNtCshH4H1wHMe2V_22embedded_graphics_core10pixelcolor9rgb_color6Rgb565E14add_major_tickB8_
FN:202,_RNvMs_NtNtCs1I4G5KWFz5n_15embedded_charts4axes7builderINtB4_17CustomAxisBuilderfNtNtNtCshH4H1wHMe2V_22embedded_graphics_core10pixelcolor9rgb_color6Rgb565E14add_minor_tickB8_
FN:173,_RNvMs_NtNtCs1I4G5KWFz5n_15embedded_charts4axes7builderINtB4_17CustomAxisBuilderfNtNtNtCshH4H1wHMe2V_22embedded_graphics_core10pixelcolor9rgb_color6Rgb565E3newB8_
FN:238,_RNvMs_NtNtCs1I4G5KWFz5n_15embedded_charts4axes7builderINtB4_17CustomAxisBuilderfNtNtNtCshH4H1wHMe2V_22embedded_graphics_core10pixelcolor9rgb_color6Rgb565E5buildB8_
FN:189,_RNvMs_NtNtCs1I4G5KWFz5n_15embedded_charts4axes7builderINtB4_17CustomAxisBuilderfNtNtNtCshH4H1wHMe2V_22embedded_graphics_core10pixelcolor9rgb_color6Rgb565E5rangeB8_
FN:381,_RNvNtNtNtCs1I4G5KWFz5n_15embedded_charts4axes7builder5testss_16test_preset_axes
FN:392,_RNvNtNtNtCs1I4G5KWFz5n_15embedded_charts4axes7builder5testss_19test_minimal_preset
FN:343,_RNvNtNtNtCs1I4G5KWFz5n_15embedded_charts4axes7builder5testss_23test_builder_validation
FN:364,_RNvNtNtNtCs1I4G5KWFz5n_15embedded_charts4axes7builder5testss_24test_custom_axis_builder
FN:326,_RNvNtNtNtCs1I4G5KWFz5n_15embedded_charts4axes7builder5testss_24test_linear_axis_builder
FN:400,_RNvNtNtNtCs1I4G5KWFz5n_15embedded_charts4axes7builder5testss_24test_professional_preset
FN:272,_RINvNtNtNtCs1I4G5KWFz5n_15embedded_charts4axes7builder7presets11y_axis_leftfEB8_
FN:267,_RINvNtNtNtCs1I4G5KWFz5n_15embedded_charts4axes7builder7presets13x_axis_bottomfEB8_
FN:277,_RINvNtNtNtCs1I4G5KWFz5n_15embedded_charts4axes7builder7presets14minimal_x_axisfEB8_
FN:301,_RINvNtNtNtCs1I4G5KWFz5n_15embedded_charts4axes7builder7presets19professional_y_axisfEB8_
FNDA:0,_RINvNtNtNtCs1I4G5KWFz5n_15embedded_charts4axes7builder7presets14minimal_y_axispEB8_
FNDA:0,_RINvNtNtNtCs1I4G5KWFz5n_15embedded_charts4axes7builder7presets19professional_x_axispEB8_
FNDA:0,_RINvNtNtNtCs1I4G5KWFz5n_15embedded_charts4axes7builder7presets9time_axispEB8_
FNDA:0,_RNvMNtNtCs1I4G5KWFz5n_15embedded_charts4axes7builderINtB2_17LinearAxisBuilderppE10show_ticksB6_
FNDA:0,_RNvMNtNtCs1I4G5KWFz5n_15embedded_charts4axes7builderINtB2_17LinearAxisBuilderppE11show_labelsB6_
FNDA:0,_RNvMNtNtCs1I4G5KWFz5n_15embedded_charts4axes7builderINtB2_17LinearAxisBuilderppE3maxB6_
FNDA:0,_RNvMNtNtCs1I4G5KWFz5n_15embedded_charts4axes7builderINtB2_17LinearAxisBuilderppE3minB6_
FNDA:0,_RNvMNtNtCs1I4G5KWFz5n_15embedded_charts4axes7builderINtB2_17LinearAxisBuilderppE5styleB6_
FNDA:0,_RNvMNtNtCs1I4G5KWFz5n_15embedded_charts4axes7builderINtB2_17LinearAxisBuilderppE9show_lineB6_
FNDA:0,_RNvMs_NtNtCs1I4G5KWFz5n_15embedded_charts4axes7builderINtB4_17CustomAxisBuilderppE10show_ticksB8_
FNDA:0,_RNvMs_NtNtCs1I4G5KWFz5n_15embedded_charts4axes7builderINtB4_17CustomAxisBuilderppE11show_labelsB8_
FNDA:0,_RNvMs_NtNtCs1I4G5KWFz5n_15embedded_charts4axes7builderINtB4_17CustomAxisBuilderppE5styleB8_
FNDA:0,_RNvMs_NtNtCs1I4G5KWFz5n_15embedded_charts4axes7builderINtB4_17CustomAxisBuilderppE9show_gridB8_
FNDA:0,_RNvMs_NtNtCs1I4G5KWFz5n_15embedded_charts4axes7builderINtB4_17CustomAxisBuilderppE9show_lineB8_
FNDA:0,_RNvNtNtNtCs1I4G5KWFz5n_15embedded_charts4axes7builder7presets15percentage_axis
FNDA:3,_RNvMNtNtCs1I4G5KWFz5n_15embedded_charts4axes7builderINtB2_17LinearAxisBuilderfNtNtNtCshH4H1wHMe2V_22embedded_graphics_core10pixelcolor9rgb_color6Rgb565E10tick_countB6_
FNDA:1,_RNvMNtNtCs1I4G5KWFz5n_15embedded_charts4axes7builderINtB2_17LinearAxisBuilderfNtNtNtCshH4H1wHMe2V_22embedded_graphics_core10pixelcolor9rgb_color6Rgb565E13minimal_styleB6_
FNDA:1,_RNvMNtNtCs1I4G5KWFz5n_15embedded_charts4axes7builderINtB2_17LinearAxisBuilderfNtNtNtCshH4H1wHMe2V_22embedded_graphics_core10pixelcolor9rgb_color6Rgb565E16with_minor_ticksB6_
FNDA:1,_RNvMNtNtCs1I4G5KWFz5n_15embedded_charts4axes7builderINtB2_17LinearAxisBuilderfNtNtNtCshH4H1wHMe2V_22embedded_graphics_core10pixelcolor9rgb_color6Rgb565E18professional_styleB6_
FNDA:1,_RNvMNtNtCs1I4G5KWFz5n_15embedded_charts4axes7builderINtB2_17LinearAxisBuilderfNtNtNtCshH4H1wHMe2V_22embedded_graphics_core10pixelcolor9rgb_color6Rgb565E19without_minor_ticksB6_
FNDA:7,_RNvMNtNtCs1I4G5KWFz5n_15embedded_charts4axes7builderINtB2_17LinearAxisBuilderfNtNtNtCshH4H1wHMe2V_22embedded_graphics_core10pixelcolor9rgb_color6Rgb565E3newB6_
FNDA:7,_RNvMNtNtCs1I4G5KWFz5n_15embedded_charts4axes7builderINtB2_17LinearAxisBuilderfNtNtNtCshH4H1wHMe2V_22embedded_graphics_core10pixelcolor9rgb_color6Rgb565E5buildB6_
FNDA:6,_RNvMNtNtCs1I4G5KWFz5n_15embedded_charts4axes7builderINtB2_17LinearAxisBuilderfNtNtNtCshH4H1wHMe2V_22embedded_graphics_core10pixelcolor9rgb_color6Rgb565E5rangeB6_
FNDA:2,_RNvMNtNtCs1I4G5KWFz5n_15embedded_charts4axes7builderINtB2_17LinearAxisBuilderfNtNtNtCshH4H1wHMe2V_22embedded_graphics_core10pixelcolor9rgb_color6Rgb565E9show_gridB6_
FNDA:3,_RNvMs_NtNtCs1I4G5KWFz5n_15embedded_charts4axes7builderINtB4_17CustomAxisBuilderfNtNtNtCshH4H1wHMe2V_22embedded_graphics_core10pixelcolor9rgb_color6Rgb565E14add_major_tickB8_
FNDA:2,_RNvMs_NtNtCs1I4G5KWFz5n_15embedded_charts4axes7builderINtB4_17CustomAxisBuilderfNtNtNtCshH4H1wHMe2V_22embedded_graphics_core10pixelcolor9rgb_color6Rgb565E14add_minor_tickB8_
FNDA:1,_RNvMs_NtNtCs1I4G5KWFz5n_15embedded_charts4axes7builderINtB4_17CustomAxisBuilderfNtNtNtCshH4H1wHMe2V_22embedded_graphics_core10pixelcolor9rgb_color6Rgb565E3newB8_
FNDA:1,_RNvMs_NtNtCs1I4G5KWFz5n_15embedded_charts4axes7builderINtB4_17CustomAxisBuilderfNtNtNtCshH4H1wHMe2V_22embedded_graphics_core10pixelcolor9rgb_color6Rgb565E5buildB8_
FNDA:1,_RNvMs_NtNtCs1I4G5KWFz5n_15embedded_charts4axes7builderINtB4_17CustomAxisBuilderfNtNtNtCshH4H1wHMe2V_22embedded_graphics_core10pixelcolor9rgb_color6Rgb565E5rangeB8_
FNDA:1,_RNvNtNtNtCs1I4G5KWFz5n_15embedded_charts4axes7builder5testss_16test_preset_axes
FNDA:1,_RNvNtNtNtCs1I4G5KWFz5n_15embedded_charts4axes7builder5testss_19test_minimal_preset
FNDA:1,_RNvNtNtNtCs1I4G5KWFz5n_15embedded_charts4axes7builder5testss_23test_builder_validation
FNDA:1,_RNvNtNtNtCs1I4G5KWFz5n_15embedded_charts4axes7builder5testss_24test_custom_axis_builder
FNDA:1,_RNvNtNtNtCs1I4G5KWFz5n_15embedded_charts4axes7builder5testss_24test_linear_axis_builder
FNDA:1,_RNvNtNtNtCs1I4G5KWFz5n_15embedded_charts4axes7builder5testss_24test_professional_preset
FNDA:2,_RINvNtNtNtCs1I4G5KWFz5n_15embedded_charts4axes7builder7presets11y_axis_leftfEB8_
FNDA:2,_RINvNtNtNtCs1I4G5KWFz5n_15embedded_charts4axes7builder7presets13x_axis_bottomfEB8_
FNDA:1,_RINvNtNtNtCs1I4G5KWFz5n_15embedded_charts4axes7builder7presets14minimal_x_axisfEB8_
FNDA:1,_RINvNtNtNtCs1I4G5KWFz5n_15embedded_charts4axes7builder7presets19professional_y_axisfEB8_
FNF:39
FNH:24
DA:34,7
DA:35,7
DA:36,7
DA:37,7
DA:38,7
DA:39,7
DA:40,7
DA:41,7
DA:42,7
DA:43,7
DA:44,7
DA:45,7
DA:46,7
DA:47,7
DA:50,6
DA:51,6
DA:52,6
DA:53,6
DA:54,6
DA:57,0
DA:58,0
DA:59,0
DA:60,0
DA:63,0
DA:64,0
DA:65,0
DA:66,0
DA:69,3
DA:70,3
DA:71,3
DA:72,3
DA:73,3
DA:74,3
DA:75,3
DA:78,1
DA:79,1
DA:80,1
DA:81,1
DA:84,1
DA:85,1
DA:86,1
DA:87,1
DA:90,0
DA:91,0
DA:92,0
DA:93,0
DA:96,1
DA:97,1
DA:98,1
DA:99,1
DA:102,1
DA:103,1
DA:104,1
DA:105,1
DA:108,0
DA:109,0
DA:110,0
DA:111,0
DA:114,0
DA:115,0
DA:116,0
DA:117,0
DA:120,0
DA:121,0
DA:122,0
DA:123,0
DA:126,2
DA:127,2
DA:128,2
DA:129,2
DA:132,7
DA:133,7
DA:134,6
DA:136,6
DA:137,1
DA:138,5
DA:139,5
DA:140,5
DA:141,5
DA:142,5
DA:143,5
DA:144,5
DA:145,5
DA:146,5
DA:147,5
DA:148,5
DA:149,7
DA:173,1
DA:174,1
DA:175,1
DA:176,1
DA:177,1
DA:178,1
DA:179,1
DA:180,1
DA:181,1
DA:182,1
DA:183,1
DA:184,1
DA:185,1
DA:186,1
DA:189,1
DA:190,1
DA:191,1
DA:192,1
DA:193,1
DA:196,3
DA:197,3
DA:198,3
DA:199,3
DA:202,2
DA:203,2
DA:204,2
DA:205,2
DA:208,0
DA:209,0
DA:210,0
DA:211,0
DA:214,0
DA:215,0
DA:216,0
DA:217,0
DA:220,0
DA:221,0
DA:222,0
DA:223,0
DA:226,0
DA:227,0
DA:228,0
DA:229,0
DA:232,0
DA:233,0
DA:234,0
DA:235,0
DA:238,1
DA:239,1
DA:240,1
DA:242,1
DA:243,0
DA:244,1
DA:245,1
DA:246,1
DA:247,1
DA:248,1
DA:249,1
DA:250,1
DA:251,1
DA:252,1
DA:253,1
DA:254,1
DA:255,1
DA:256,1
DA:257,1
DA:258,1
DA:267,2
DA:268,2
DA:269,2
DA:272,2
DA:273,2
DA:274,2
DA:277,1
DA:278,1
DA:279,1
DA:280,1
DA:281,1
DA:282,1
DA:285,0
DA:286,0
DA:287,0
DA:288,0
DA:289,0
DA:290,0
DA:293,0
DA:294,0
DA:295,0
DA:296,0
DA:297,0
DA:298,0
DA:301,1
DA:302,1
DA:303,1
DA:304,1
DA:305,1
DA:306,1
DA:309,0
DA:310,0
DA:311,0
DA:314,0
DA:315,0
DA:316,0
DA:326,1
DA:327,1
DA:328,1
DA:329,1
DA:330,1
DA:331,1
DA:332,1
DA:333,1
DA:334,1
DA:335,1
DA:336,1
DA:337,1
DA:338,1
DA:339,1
DA:340,1
DA:343,1
DA:344,1
DA:345,1
DA:346,1
DA:347,1
DA:348,1
DA:349,1
DA:350,1
DA:351,1
DA:354,1
DA:355,1
DA:356,1
DA:357,1
DA:358,1
DA:359,1
DA:360,1
DA:361,1
DA:364,1
DA:365,1
DA:366,1
DA:367,1
DA:368,1
DA:369,1
DA:370,1
DA:371,1
DA:372,1
DA:373,1
DA:374,1
DA:375,1
DA:376,1
DA:377,1
DA:378,1
DA:381,1
DA:382,1
DA:383,1
DA:384,1
DA:386,1
DA:387,1
DA:388,1
DA:389,1
DA:392,1
DA:393,1
DA:394,1
DA:395,1
DA:396,1
DA:397,1
DA:400,1
DA:401,1
DA:402,1
DA:403,1
DA:404,1
DA:405,1
DA:406,1
BRF:0
BRH:0
LF:258
LH:195
end_of_record
SF:/home/tasuku/com/github/signal-slot/embedded-charts/src/axes/linear.rs
FN:397,_RINvXININtNtCs1I4G5KWFz5n_15embedded_charts4axes6linears1_0ppEINtB6_10LinearAxisppEINtNtB8_6traits4AxisppE4drawpEBa_
FN:79,_RNvMs0_NtNtCs1I4G5KWFz5n_15embedded_charts4axes6linearINtB5_10LinearAxisppE10with_rangeB9_
FN:455,_RNvXININtNtCs1I4G5KWFz5n_15embedded_charts4axes6linears1_0ppEINtB5_10LinearAxisppEINtNtB7_6traits4AxisppE14required_spaceB9_
FN:389,_RNvXININtNtCs1I4G5KWFz5n_15embedded_charts4axes6linears1_0ppEINtB5_10LinearAxisppEINtNtB7_6traits4AxisppE14tick_generatorB9_
FN:393,_RNvXININtNtCs1I4G5KWFz5n_15embedded_charts4axes6linears1_0ppEINtB5_10LinearAxisppEINtNtB7_6traits4AxisppE5styleB9_
FN:46,_RNvXININtNtCs1I4G5KWFz5n_15embedded_charts4axes6linears_0pEINtB5_19DefaultAxisRendererpENtNtCs3XRySYX51hI_4core7default7Default7defaultB9_
FN:652,_RNvNtNtNtCs1I4G5KWFz5n_15embedded_charts4axes6linear5testss_25test_axis_builder_pattern
FN:624,_RNvNtNtNtCs1I4G5KWFz5n_15embedded_charts4axes6linear5testss_25test_linear_axis_creation
FN:635,_RNvNtNtNtCs1I4G5KWFz5n_15embedded_charts4axes6linear5testss_25test_value_transformation
FN:262,_RINvMs0_NtNtCs1I4G5KWFz5n_15embedded_charts4axes6linearINtB6_10LinearAxisfNtNtNtCshH4H1wHMe2V_22embedded_graphics_core10pixelcolor9rgb_color6Rgb565E14draw_axis_onlyINtNtCs5C7UwTAEl8q_17embedded_graphics12mock_display11MockDisplayB1a_EEBa_
FN:232,_RINvMs0_NtNtCs1I4G5KWFz5n_15embedded_charts4axes6linearINtB6_10LinearAxisfNtNtNtCshH4H1wHMe2V_22embedded_graphics_core10pixelcolor9rgb_color6Rgb565E15draw_grid_linesINtNtCs5C7UwTAEl8q_17embedded_graphics12mock_display11MockDisplayB1a_EEBa_
FN:594,_RINvXs3_NtNtCs1I4G5KWFz5n_15embedded_charts4axes6linearINtB6_19DefaultAxisRendererNtNtNtCshH4H1wHMe2V_22embedded_graphics_core10pixelcolor9rgb_color6Rgb565EINtNtB8_6traits12AxisRendererB1i_E10draw_labelINtNtCs5C7UwTAEl8q_17embedded_graphics12mock_display11MockDisplayB1i_EEBa_
FN:525,_RINvXs3_NtNtCs1I4G5KWFz5n_15embedded_charts4axes6linearINtB6_19DefaultAxisRendererNtNtNtCshH4H1wHMe2V_22embedded_graphics_core10pixelcolor9rgb_color6Rgb565EINtNtB8_6traits12AxisRendererB1i_E14draw_axis_lineINtNtCs5C7UwTAEl8q_17embedded_graphics12mock_display11MockDisplayB1i_EEBa_
FN:577,_RINvXs3_NtNtCs1I4G5KWFz5n_15embedded_charts4axes6linearINtB6_19DefaultAxisRendererNtNtNtCshH4H1wHMe2V_22embedded_graphics_core10pixelcolor9rgb_color6Rgb565EINtNtB8_6traits12AxisRendererB1i_E14draw_grid_lineINtNtCs5C7UwTAEl8q_17embedded_graphics12mock_display11MockDisplayB1i_EEBa_
FN:542,_RINvXs3_NtNtCs1I4G5KWFz5n_15embedded_charts4axes6linearINtB6_19DefaultAxisRendererNtNtNtCshH4H1wHMe2V_22embedded_graphics_core10pixelcolor9rgb_color6Rgb565EINtNtB8_6traits12AxisRendererB1i_E9draw_tickINtNtCs5C7UwTAEl8q_17embedded_graphics12mock_display11MockDisplayB1i_EEBa_
FN:612,_RNCINvXs3_NtNtCs1I4G5KWFz5n_15embedded_charts4axes6linearINtB8_19DefaultAxisRendererNtNtNtCshH4H1wHMe2V_22embedded_graphics_core10pixelcolor9rgb_color6Rgb565EINtNtBa_6traits12AxisRendererB1k_E10draw_labelINtNtCs5C7UwTAEl8q_17embedded_graphics12mock_display11MockDisplayB1k_EE0Bc_
FN:538,_RNCINvXs3_NtNtCs1I4G5KWFz5n_15embedded_charts4axes6linearINtB8_19DefaultAxisRendererNtNtNtCshH4H1wHMe2V_22embedded_graphics_core10pixelcolor9rgb_color6Rgb565EINtNtBa_6traits12AxisRendererB1k_E14draw_axis_lineINtNtCs5C7UwTAEl8q_17embedded_graphics12mock_display11MockDisplayB1k_EE0Bc_
FN:590,_RNCINvXs3_NtNtCs1I4G5KWFz5n_15embedded_charts4axes6linearINtB8_19DefaultAxisRendererNtNtNtCshH4H1wHMe2V_22embedded_graphics_core10pixelcolor9rgb_color6Rgb565EINtNtBa_6traits12AxisRendererB1k_E14draw_grid_lineINtNtCs5C7UwTAEl8q_17embedded_graphics12mock_display11MockDisplayB1k_EE0Bc_
FN:573,_RNCINvXs3_NtNtCs1I4G5KWFz5n_15embedded_charts4axes6linearINtB8_19DefaultAxisRendererNtNtNtCshH4H1wHMe2V_22embedded_graphics_core10pixelcolor9rgb_color6Rgb565EINtNtBa_6traits12AxisRendererB1k_E9draw_tickINtNtCs5C7UwTAEl8q_17embedded_graphics12mock_display11MockDisplayB1k_EE0Bc_
FN:38,_RNvMNtNtCs1I4G5KWFz5n_15embedded_charts4axes6linearINtB2_19DefaultAxisRendererNtNtNtCshH4H1wHMe2V_22embedded_graphics_core10pixelcolor9rgb_color6Rgb565E3newB6_
FN:92,_RNvMs0_NtNtCs1I4G5KWFz5n_15embedded_charts4axes6linearINtB5_10LinearAxisfNtNtNtCshH4H1wHMe2V_22embedded_graphics_core10pixelcolor9rgb_color6Rgb565E10show_ticksB9_
FN:73,_RNvMs0_NtNtCs1I4G5KWFz5n_15embedded_charts4axes6linearINtB5_10LinearAxisfNtNtNtCshH4H1wHMe2V_22embedded_graphics_core10pixelcolor9rgb_color6Rgb565E10with_styleB9_
FN:98,_RNvMs0_NtNtCs1I4G5KWFz5n_15embedded_charts4axes6linearINtB5_10LinearAxisfNtNtNtCshH4H1wHMe2V_22embedded_graphics_core10pixelcolor9rgb_color6Rgb565E11show_labelsB9_
FN:110,_RNvMs0_NtNtCs1I4G5KWFz5n_15embedded_charts4axes6linearINtB5_10LinearAxisfNtNtNtCshH4H1wHMe2V_22embedded_graphics_core10pixelcolor9rgb_color6Rgb565E19calculate_axis_lineB9_
FN:199,_RNvMs0_NtNtCs1I4G5KWFz5n_15embedded_charts4axes6linearINtB5_10LinearAxisfNtNtNtCshH4H1wHMe2V_22embedded_graphics_core10pixelcolor9rgb_color6Rgb565E19calculate_grid_lineB9_
FN:67,_RNvMs0_NtNtCs1I4G5KWFz5n_15embedded_charts4axes6linearINtB5_10LinearAxisfNtNtNtCshH4H1wHMe2V_22embedded_graphics_core10pixelcolor9rgb_color6Rgb565E19with_tick_generatorB9_
FN:163,_RNvMs0_NtNtCs1I4G5KWFz5n_15embedded_charts4axes6linearINtB5_10LinearAxisfNtNtNtCshH4H1wHMe2V_22embedded_graphics_core10pixelcolor9rgb_color6Rgb565E23calculate_tick_positionB9_
FN:57,_RNvMs0_NtNtCs1I4G5KWFz5n_15embedded_charts4axes6linearINtB5_10LinearAxisfNtNtNtCshH4H1wHMe2V_22embedded_graphics_core10pixelcolor9rgb_color6Rgb565E3newB9_
FN:104,_RNvMs0_NtNtCs1I4G5KWFz5n_15embedded_charts4axes6linearINtB5_10LinearAxisfNtNtNtCshH4H1wHMe2V_22embedded_graphics_core10pixelcolor9rgb_color6Rgb565E9show_gridB9_
FN:86,_RNvMs0_NtNtCs1I4G5KWFz5n_15embedded_charts4axes6linearINtB5_10LinearAxisfNtNtNtCshH4H1wHMe2V_22embedded_graphics_core10pixelcolor9rgb_color6Rgb565E9show_lineB9_
FN:493,_RNvMs2_NtNtCs1I4G5KWFz5n_15embedded_charts4axes6linearINtB5_10LinearAxisfNtNtNtCshH4H1wHMe2V_22embedded_graphics_core10pixelcolor9rgb_color6Rgb565E24calculate_label_positionB9_
FN:335,_RNvXs1_NtNtCs1I4G5KWFz5n_15embedded_charts4axes6linearINtB5_10LinearAxisfNtNtNtCshH4H1wHMe2V_22embedded_graphics_core10pixelcolor9rgb_color6Rgb565EINtNtB7_6traits4AxisfB19_E11orientationB9_
FN:343,_RNvXs1_NtNtCs1I4G5KWFz5n_15embedded_charts4axes6linearINtB5_10LinearAxisfNtNtNtCshH4H1wHMe2V_22embedded_graphics_core10pixelcolor9rgb_color6Rgb565EINtNtB7_6traits4AxisfB19_E15transform_valueB9_
FN:370,_RNvXs1_NtNtCs1I4G5KWFz5n_15embedded_charts4axes6linearINtB5_10LinearAxisfNtNtNtCshH4H1wHMe2V_22embedded_graphics_core10pixelcolor9rgb_color6Rgb565EINtNtB7_6traits4AxisfB19_E17inverse_transformB9_
FN:331,_RNvXs1_NtNtCs1I4G5KWFz5n_15embedded_charts4axes6linearINtB5_10LinearAxisfNtNtNtCshH4H1wHMe2V_22embedded_graphics_core10pixelcolor9rgb_color6Rgb565EINtNtB7_6traits4AxisfB19_E3maxB9_
FN:327,_RNvXs1_NtNtCs1I4G5KWFz5n_15embedded_charts4axes6linearINtB5_10LinearAxisfNtNtNtCshH4H1wHMe2V_22embedded_graphics_core10pixelcolor9rgb_color6Rgb565EINtNtB7_6traits4AxisfB19_E3minB9_
FN:339,_RNvXs1_NtNtCs1I4G5KWFz5n_15embedded_charts4axes6linearINtB5_10LinearAxisfNtNtNtCshH4H1wHMe2V_22embedded_graphics_core10pixelcolor9rgb_color6Rgb565EINtNtB7_6traits4AxisfB19_E8positionB9_
FNDA:0,_RINvXININtNtCs1I4G5KWFz5n_15embedded_charts4axes6linears1_0ppEINtB6_10LinearAxisppEINtNtB8_6traits4AxisppE4drawpEBa_
FNDA:0,_RNvMs0_NtNtCs1I4G5KWFz5n_15embedded_charts4axes6linearINtB5_10LinearAxisppE10with_rangeB9_
FNDA:0,_RNvXININtNtCs1I4G5KWFz5n_15embedded_charts4axes6linears1_0ppEINtB5_10LinearAxisppEINtNtB7_6traits4AxisppE14required_spaceB9_
FNDA:0,_RNvXININtNtCs1I4G5KWFz5n_15embedded_charts4axes6linears1_0ppEINtB5_10LinearAxisppEINtNtB7_6traits4AxisppE14tick_generatorB9_
FNDA:0,_RNvXININtNtCs1I4G5KWFz5n_15embedded_charts4axes6linears1_0ppEINtB5_10LinearAxisppEINtNtB7_6traits4AxisppE5styleB9_
FNDA:0,_RNvXININtNtCs1I4G5KWFz5n_15embedded_charts4axes6linears_0pEINtB5_19DefaultAxisRendererpENtNtCs3XRySYX51hI_4core7default7Default7defaultB9_
FNDA:1,_RNvNtNtNtCs1I4G5KWFz5n_15embedded_charts4axes6linear5testss_25test_axis_builder_pattern
FNDA:1,_RNvNtNtNtCs1I4G5KWFz5n_15embedded_charts4axes6linear5testss_25test_linear_axis_creation
FNDA:1,_RNvNtNtNtCs1I4G5KWFz5n_15embedded_charts4axes6linear5testss_25test_value_transformation
FNDA:2,_RINvMs0_NtNtCs1I4G5KWFz5n_15embedded_charts4axes6linearINtB6_10LinearAxisfNtNtNtCshH4H1wHMe2V_22embedded_graphics_core10pixelcolor9rgb_color6Rgb565E14draw_axis_onlyINtNtCs5C7UwTAEl8q_17embedded_graphics12mock_display11MockDisplayB1a_EEBa_
FNDA:2,_RINvMs0_NtNtCs1I4G5KWFz5n_15embedded_charts4axes6linearINtB6_10LinearAxisfNtNtNtCshH4H1wHMe2V_22embedded_graphics_core10pixelcolor9rgb_color6Rgb565E15draw_grid_linesINtNtCs5C7UwTAEl8q_17embedded_graphics12mock_display11MockDisplayB1a_EEBa_
FNDA:5,_RINvXs3_NtNtCs1I4G5KWFz5n_15embedded_charts4axes6linearINtB6_19DefaultAxisRendererNtNtNtCshH4H1wHMe2V_22embedded_graphics_core10pixelcolor9rgb_color6Rgb565EINtNtB8_6traits12AxisRendererB1i_E10draw_labelINtNtCs5C7UwTAEl8q_17embedded_graphics12mock_display11MockDisplayB1i_EEBa_
FNDA:2,_RINvXs3_NtNtCs1I4G5KWFz5n_15embedded_charts4axes6linearINtB6_19DefaultAxisRendererNtNtNtCshH4H1wHMe2V_22embedded_graphics_core10pixelcolor9rgb_color6Rgb565EINtNtB8_6traits12AxisRendererB1i_E14draw_axis_lineINtNtCs5C7UwTAEl8q_17embedded_graphics12mock_display11MockDisplayB1i_EEBa_
FNDA:0,_RINvXs3_NtNtCs1I4G5KWFz5n_15embedded_charts4axes6linearINtB6_19DefaultAxisRendererNtNtNtCshH4H1wHMe2V_22embedded_graphics_core10pixelcolor9rgb_color6Rgb565EINtNtB8_6traits12AxisRendererB1i_E14draw_grid_lineINtNtCs5C7UwTAEl8q_17embedded_graphics12mock_display11MockDisplayB1i_EEBa_
FNDA:5,_RINvXs3_NtNtCs1I4G5KWFz5n_15embedded_charts4axes6linearINtB6_19DefaultAxisRendererNtNtNtCshH4H1wHMe2V_22embedded_graphics_core10pixelcolor9rgb_color6Rgb565EINtNtB8_6traits12AxisRendererB1i_E9draw_tickINtNtCs5C7UwTAEl8q_17embedded_graphics12mock_display11MockDisplayB1i_EEBa_
FNDA:0,_RNCINvXs3_NtNtCs1I4G5KWFz5n_15embedded_charts4axes6linearINtB8_19DefaultAxisRendererNtNtNtCshH4H1wHMe2V_22embedded_graphics_core10pixelcolor9rgb_color6Rgb565EINtNtBa_6traits12AxisRendererB1k_E10draw_labelINtNtCs5C7UwTAEl8q_17embedded_graphics12mock_display11MockDisplayB1k_EE0Bc_
FNDA:0,_RNCINvXs3_NtNtCs1I4G5KWFz5n_15embedded_charts4axes6linearINtB8_19DefaultAxisRendererNtNtNtCshH4H1wHMe2V_22embedded_graphics_core10pixelcolor9rgb_color6Rgb565EINtNtBa_6traits12AxisRendererB1k_E14draw_axis_lineINtNtCs5C7UwTAEl8q_17embedded_graphics12mock_display11MockDisplayB1k_EE0Bc_
FNDA:0,_RNCINvXs3_NtNtCs1I4G5KWFz5n_15embedded_charts4axes6linearINtB8_19DefaultAxisRendererNtNtNtCshH4H1wHMe2V_22embedded_graphics_core10pixelcolor9rgb_color6Rgb565EINtNtBa_6traits12AxisRendererB1k_E14draw_grid_lineINtNtCs5C7UwTAEl8q_17embedded_graphics12mock_display11MockDisplayB1k_EE0Bc_
FNDA:0,_RNCINvXs3_NtNtCs1I4G5KWFz5n_15embedded_charts4axes6linearINtB8_19DefaultAxisRendererNtNtNtCshH4H1wHMe2V_22embedded_graphics_core10pixelcolor9rgb_color6Rgb565EINtNtBa_6traits12AxisRendererB1k_E9draw_tickINtNtCs5C7UwTAEl8q_17embedded_graphics12mock_display11MockDisplayB1k_EE0Bc_
FNDA:19,_RNvMNtNtCs1I4G5KWFz5n_15embedded_charts4axes6linearINtB2_19DefaultAxisRendererNtNtNtCshH4H1wHMe2V_22embedded_graphics_core10pixelcolor9rgb_color6Rgb565E3newB6_
FNDA:6,_RNvMs0_NtNtCs1I4G5KWFz5n_15embedded_charts4axes6linearINtB5_10LinearAxisfNtNtNtCshH4H1wHMe2V_22embedded_graphics_core10pixelcolor9rgb_color6Rgb565E10show_ticksB9_
FNDA:6,_RNvMs0_NtNtCs1I4G5KWFz5n_15embedded_charts4axes6linearINtB5_10LinearAxisfNtNtNtCshH4H1wHMe2V_22embedded_graphics_core10pixelcolor9rgb_color6Rgb565E10with_styleB9_
FNDA:7,_RNvMs0_NtNtCs1I4G5KWFz5n_15embedded_charts4axes6linearINtB5_10LinearAxisfNtNtNtCshH4H1wHMe2V_22embedded_graphics_core10pixelcolor9rgb_color6Rgb565E11show_labelsB9_
FNDA:2,_RNvMs0_NtNtCs1I4G5KWFz5n_15embedded_charts4axes6linearINtB5_10LinearAxisfNtNtNtCshH4H1wHMe2V_22embedded_graphics_core10pixelcolor9rgb_color6Rgb565E19calculate_axis_lineB9_
FNDA:0,_RNvMs0_NtNtCs1I4G5KWFz5n_15embedded_charts4axes6linearINtB5_10LinearAxisfNtNtNtCshH4H1wHMe2V_22embedded_graphics_core10pixelcolor9rgb_color6Rgb565E19calculate_grid_lineB9_
FNDA:6,_RNvMs0_NtNtCs1I4G5KWFz5n_15embedded_charts4axes6linearINtB5_10LinearAxisfNtNtNtCshH4H1wHMe2V_22embedded_graphics_core10pixelcolor9rgb_color6Rgb565E19with_tick_generatorB9_
FNDA:10,_RNvMs0_NtNtCs1I4G5KWFz5n_15embedded_charts4axes6linearINtB5_10LinearAxisfNtNtNtCshH4H1wHMe2V_22embedded_graphics_core10pixelcolor9rgb_color6Rgb565E23calculate_tick_positionB9_
FNDA:19,_RNvMs0_NtNtCs1I4G5KWFz5n_15embedded_charts4axes6linearINtB5_10LinearAxisfNtNtNtCshH4H1wHMe2V_22embedded_graphics_core10pixelcolor9rgb_color6Rgb565E3newB9_
FNDA:7,_RNvMs0_NtNtCs1I4G5KWFz5n_15embedded_charts4axes6linearINtB5_10LinearAxisfNtNtNtCshH4H1wHMe2V_22embedded_graphics_core10pixelcolor9rgb_color6Rgb565E9show_gridB9_
FNDA:6,_RNvMs0_NtNtCs1I4G5KWFz5n_15embedded_charts4axes6linearINtB5_10LinearAxisfNtNtNtCshH4H1wHMe2V_22embedded_graphics_core10pixelcolor9rgb_color6Rgb565E9show_lineB9_
FNDA:5,_RNvMs2_NtNtCs1I4G5KWFz5n_15embedded_charts4axes6linearINtB5_10LinearAxisfNtNtNtCshH4H1wHMe2V_22embedded_graphics_core10pixelcolor9rgb_color6Rgb565E24calculate_label_positionB9_
FNDA:4,_RNvXs1_NtNtCs1I4G5KWFz5n_15embedded_charts4axes6linearINtB5_10LinearAxisfNtNtNtCshH4H1wHMe2V_22embedded_graphics_core10pixelcolor9rgb_color6Rgb565EINtNtB7_6traits4AxisfB19_E11orientationB9_
FNDA:13,_RNvXs1_NtNtCs1I4G5KWFz5n_15embedded_charts4axes6linearINtB5_10LinearAxisfNtNtNtCshH4H1wHMe2V_22embedded_graphics_core10pixelcolor9rgb_color6Rgb565EINtNtB7_6traits4AxisfB19_E15transform_valueB9_
FNDA:2,_RNvXs1_NtNtCs1I4G5KWFz5n_15embedded_charts4axes6linearINtB5_10LinearAxisfNtNtNtCshH4H1wHMe2V_22embedded_graphics_core10pixelcolor9rgb_color6Rgb565EINtNtB7_6traits4AxisfB19_E17inverse_transformB9_
FNDA:11,_RNvXs1_NtNtCs1I4G5KWFz5n_15embedded_charts4axes6linearINtB5_10LinearAxisfNtNtNtCshH4H1wHMe2V_22embedded_graphics_core10pixelcolor9rgb_color6Rgb565EINtNtB7_6traits4AxisfB19_E3maxB9_
FNDA:11,_RNvXs1_NtNtCs1I4G5KWFz5n_15embedded_charts4axes6linearINtB5_10LinearAxisfNtNtNtCshH4H1wHMe2V_22embedded_graphics_core10pixelcolor9rgb_color6Rgb565EINtNtB7_6traits4AxisfB19_E3minB9_
FNDA:3,_RNvXs1_NtNtCs1I4G5KWFz5n_15embedded_charts4axes6linearINtB5_10LinearAxisfNtNtNtCshH4H1wHMe2V_22embedded_graphics_core10pixelcolor9rgb_color6Rgb565EINtNtB7_6traits4AxisfB19_E8positionB9_
FNF:37
FNH:25
DA:38,19
DA:39,19
DA:40,19
DA:41,19
DA:42,19
DA:46,0
DA:47,0
DA:48,0
DA:57,19
DA:58,19
DA:59,19
DA:60,19
DA:61,19
DA:62,19
DA:63,19
DA:64,19
DA:67,6
DA:68,6
DA:69,6
DA:70,6
DA:73,6
DA:74,6
DA:75,6
DA:76,6
DA:79,0
DA:80,0
DA:81,0
DA:82,0
DA:83,0
DA:86,6
DA:87,6
DA:88,6
DA:89,6
DA:92,6
DA:93,6
DA:94,6
DA:95,6
DA:98,7
DA:99,7
DA:100,7
DA:101,7
DA:104,7
DA:105,7
DA:106,7
DA:107,7
DA:110,2
DA:111,2
DA:113,1
DA:114,1
DA:115,1
DA:116,1
DA:117,1
DA:120,0
DA:121,0
DA:122,0
DA:123,0
DA:124,0
DA:127,1
DA:128,1
DA:129,1
DA:130,1
DA:131,1
DA:134,0
DA:135,0
DA:136,0
DA:137,0
DA:138,0
DA:144,0
DA:145,0
DA:146,0
DA:147,0
DA:148,0
DA:153,0
DA:154,0
DA:155,0
DA:156,0
DA:157,0
DA:160,2
DA:163,10
DA:164,10
DA:165,10
DA:166,10
DA:167,4
DA:168,4
DA:169,4
DA:172,0
DA:175,6
DA:177,0
DA:178,0
DA:179,0
DA:185,0
DA:186,0
DA:187,0
DA:193,0
DA:196,10
DA:199,0
DA:200,0
DA:201,0
DA:202,0
DA:203,0
DA:204,0
DA:205,0
DA:206,0
DA:207,0
DA:210,0
DA:211,0
DA:212,0
DA:213,0
DA:214,0
DA:215,0
DA:216,0
DA:220,0
DA:221,0
DA:222,0
DA:223,0
DA:224,0
DA:225,0
DA:226,0
DA:229,0
DA:232,2
DA:233,2
DA:234,2
DA:235,2
DA:236,2
DA:237,2
DA:238,2
DA:239,2
DA:240,2
DA:241,2
DA:242,2
DA:243,0
DA:244,0
DA:245,0
DA:246,0
DA:247,0
DA:248,0
DA:250,0
DA:251,0
DA:252,0
DA:253,0
DA:254,0
DA:255,0
DA:258,0
DA:259,2
DA:262,2
DA:263,2
DA:264,2
DA:265,2
DA:266,2
DA:267,2
DA:268,2
DA:269,2
DA:270,2
DA:271,0
DA:274,2
DA:275,2
DA:276,2
DA:277,2
DA:278,2
DA:279,2
DA:280,7
DA:281,5
DA:282,5
DA:283,5
DA:285,0
DA:288,5
DA:289,5
DA:290,5
DA:291,5
DA:292,5
DA:293,5
DA:294,5
DA:295,0
DA:296,0
DA:298,0
DA:301,2
DA:302,7
DA:303,5
DA:304,5
DA:305,5
DA:306,5
DA:307,5
DA:308,5
DA:309,5
DA:310,0
DA:311,0
DA:313,0
DA:315,2
DA:316,2
DA:327,11
DA:328,11
DA:329,11
DA:331,11
DA:332,11
DA:333,11
DA:335,4
DA:336,4
DA:337,4
DA:339,3
DA:340,3
DA:341,3
DA:343,13
DA:344,13
DA:345,13
DA:346,13
DA:347,13
DA:348,13
DA:349,0
DA:350,0
DA:351,0
DA:353,13
DA:354,13
DA:355,13
DA:356,13
DA:357,13
DA:359,7
DA:363,6
DA:364,6
DA:365,6
DA:368,13
DA:370,2
DA:371,2
DA:372,2
DA:374,2
DA:376,2
DA:380,0
DA:381,0
DA:385,2
DA:386,2
DA:387,2
DA:389,0
DA:390,0
DA:391,0
DA:393,0
DA:394,0
DA:395,0
DA:397,0
DA:398,0
DA:399,0
DA:400,0
DA:401,0
DA:402,0
DA:403,0
DA:404,0
DA:405,0
DA:406,0
DA:409,0
DA:410,0
DA:411,0
DA:412,0
DA:413,0
DA:414,0
DA:415,0
DA:416,0
DA:417,0
DA:418,0
DA:420,0
DA:423,0
DA:424,0
DA:425,0
DA:426,0
DA:427,0
DA:428,0
DA:429,0
DA:430,0
DA:431,0
DA:433,0
DA:438,0
DA:439,0
DA:440,0
DA:441,0
DA:442,0
DA:443,0
DA:444,0
DA:445,0
DA:446,0
DA:447,0
DA:448,0
DA:450,0
DA:452,0
DA:453,0
DA:455,0
DA:456,0
DA:457,0
DA:458,0
DA:459,0
DA:460,0
DA:461,0
DA:464,0
DA:465,0
DA:466,0
DA:468,0
DA:470,0
DA:471,0
DA:473,0
DA:475,0
DA:476,0
DA:479,0
DA:480,0
DA:481,0
DA:483,0
DA:484,0
DA:493,5
DA:494,5
DA:496,2
DA:499,0
DA:502,3
DA:505,0
DA:511,0
DA:516,0
DA:519,5
DA:525,2
DA:526,2
DA:527,2
DA:528,2
DA:529,2
DA:530,2
DA:531,2
DA:532,2
DA:533,2
DA:534,2
DA:535,2
DA:536,2
DA:537,2
DA:538,2
DA:539,2
DA:540,2
DA:542,5
DA:543,5
DA:544,5
DA:545,5
DA:546,5
DA:547,5
DA:548,5
DA:549,5
DA:550,5
DA:551,5
DA:552,5
DA:553,5
DA:556,2
DA:557,2
DA:558,2
DA:559,2
DA:563,3
DA:564,3
DA:565,3
DA:566,3
DA:570,5
DA:571,5
DA:572,5
DA:573,5
DA:574,5
DA:575,5
DA:577,0
DA:578,0
DA:579,0
DA:580,0
DA:581,0
DA:582,0
DA:583,0
DA:584,0
DA:585,0
DA:586,0
DA:587,0
DA:588,0
DA:589,0
DA:590,0
DA:591,0
DA:592,0
DA:594,5
DA:595,5
DA:596,5
DA:597,5
DA:605,5
DA:606,5
DA:607,5
DA:608,5
DA:609,5
DA:610,5
DA:611,5
DA:612,5
DA:614,5
DA:615,5
DA:624,1
DA:625,1
DA:626,1
DA:627,1
DA:628,1
DA:629,1
DA:630,1
DA:631,1
DA:632,1
DA:635,1
DA:636,1
DA:637,1
DA:638,1
DA:639,1
DA:640,1
DA:641,1
DA:642,1
DA:643,1
DA:644,1
DA:647,1
DA:648,1
DA:649,1
DA:652,1
DA:653,1
DA:654,1
DA:655,1
DA:656,1
DA:657,1
DA:658,1
DA:659,1
DA:660,1
DA:663,1
BRF:0
BRH:0
LF:419
LH:237
end_of_record
SF:/home/tasuku/com/github/signal-slot/embedded-charts/src/axes/mod.rs
FN:97,_RNvMNtCs1I4G5KWFz5n_15embedded_charts4axesINtB2_10AxisConfigdE11is_verticalB4_
FN:92,_RNvMNtCs1I4G5KWFz5n_15embedded_charts4axesINtB2_10AxisConfigdE13is_horizontalB4_
FN:73,_RNvMNtCs1I4G5KWFz5n_15embedded_charts4axesINtB2_10AxisConfigdE3newB4_
FN:73,_RNvMNtCs1I4G5KWFz5n_15embedded_charts4axesINtB2_10AxisConfigfE3newB4_
FN:73,_RNvMNtCs1I4G5KWFz5n_15embedded_charts4axesINtB2_10AxisConfiglE3newB4_
FN:87,_RNvMNtCs1I4G5KWFz5n_15embedded_charts4axesINtB2_10AxisConfiglE5rangeB4_
FN:106,_RNvXININtCs1I4G5KWFz5n_15embedded_charts4axess_0pEINtB5_10AxisConfigpENtNtCs3XRySYX51hI_4core7default7Default7defaultB7_
FN:134,_RNvNtNtCs1I4G5KWFz5n_15embedded_charts4axes5testss_22test_axis_config_range
FN:125,_RNvNtNtCs1I4G5KWFz5n_15embedded_charts4axes5testss_25test_axis_config_creation
FNDA:1,_RNvMNtCs1I4G5KWFz5n_15embedded_charts4axesINtB2_10AxisConfigdE11is_verticalB4_
FNDA:1,_RNvMNtCs1I4G5KWFz5n_15embedded_charts4axesINtB2_10AxisConfigdE13is_horizontalB4_
FNDA:1,_RNvMNtCs1I4G5KWFz5n_15embedded_charts4axesINtB2_10AxisConfigdE3newB4_
FNDA:19,_RNvMNtCs1I4G5KWFz5n_15embedded_charts4axesINtB2_10AxisConfigfE3newB4_
FNDA:1,_RNvMNtCs1I4G5KWFz5n_15embedded_charts4axesINtB2_10AxisConfiglE3newB4_
FNDA:1,_RNvMNtCs1I4G5KWFz5n_15embedded_charts4axesINtB2_10AxisConfiglE5rangeB4_
FNDA:0,_RNvXININtCs1I4G5KWFz5n_15embedded_charts4axess_0pEINtB5_10AxisConfigpENtNtCs3XRySYX51hI_4core7default7Default7defaultB7_
FNDA:1,_RNvNtNtCs1I4G5KWFz5n_15embedded_charts4axes5testss_22test_axis_config_range
FNDA:1,_RNvNtNtCs1I4G5KWFz5n_15embedded_charts4axes5testss_25test_axis_config_creation
FNF:7
FNH:6
DA:73,21
DA:74,21
DA:75,21
DA:76,21
DA:77,21
DA:78,21
DA:79,21
DA:80,21
DA:81,21
DA:82,21
DA:83,21
DA:84,21
DA:87,1
DA:88,1
DA:89,1
DA:92,1
DA:93,1
DA:94,1
DA:97,1
DA:98,1
DA:99,1
DA:106,0
DA:107,0
DA:108,0
DA:109,0
DA:110,0
DA:111,0
DA:112,0
DA:113,0
DA:114,0
DA:115,0
DA:116,0
DA:117,0
DA:125,1
DA:126,1
DA:127,1
DA:128,1
DA:129,1
DA:130,1
DA:131,1
DA:134,1
DA:135,1
DA:136,1
DA:137,1
BRF:0
BRH:0
LF:44
LH:32
end_of_record
SF:/home/tasuku/com/github/signal-slot/embedded-charts/src/axes/range.rs
FN:415,_RNvNtNtNtCs1I4G5KWFz5n_15embedded_charts4axes5range5testss_26test_preset_configurations
FN:399,_RNvNtNtNtCs1I4G5KWFz5n_15embedded_charts4axes5range5testss_36test_calculate_nice_range_edge_cases
FN:389,_RNvNtNtNtCs1I4G5KWFz5n_15embedded_charts4axes5range5testss_39test_calculate_nice_range_negative_data
FN:363,_RNvNtNtNtCs1I4G5KWFz5n_15embedded_charts4axes5range5testss_39test_calculate_nice_range_positive_data
FN:378,_RNvNtNtNtCs1I4G5KWFz5n_15embedded_charts4axes5range5testss_45test_calculate_nice_range_large_positive_data
FN:266,_RINvNtNtCs1I4G5KWFz5n_15embedded_charts4axes5range33calculate_nice_ranges_from_boundsppEB6_
FN:294,_RINvNtNtCs1I4G5KWFz5n_15embedded_charts4axes5range37calculate_nice_ranges_separate_configppEB6_
FN:348,_RNvNtNtNtCs1I4G5KWFz5n_15embedded_charts4axes5range7presets10percentage
FN:338,_RNvNtNtNtCs1I4G5KWFz5n_15embedded_charts4axes5range7presets11time_series
FN:328,_RNvNtNtNtCs1I4G5KWFz5n_15embedded_charts4axes5range7presets5loose
FN:318,_RNvNtNtNtCs1I4G5KWFz5n_15embedded_charts4axes5range7presets5tight
FN:313,_RNvNtNtNtCs1I4G5KWFz5n_15embedded_charts4axes5range7presets8standard
FN:69,_RNvNtNtCs1I4G5KWFz5n_15embedded_charts4axes5range20calculate_nice_range
FN:29,_RNvXNtNtCs1I4G5KWFz5n_15embedded_charts4axes5rangeNtB2_22RangeCalculationConfigNtNtCs3XRySYX51hI_4core7default7Default7default
FNDA:1,_RNvNtNtNtCs1I4G5KWFz5n_15embedded_charts4axes5range5testss_26test_preset_configurations
FNDA:1,_RNvNtNtNtCs1I4G5KWFz5n_15embedded_charts4axes5range5testss_36test_calculate_nice_range_edge_cases
FNDA:1,_RNvNtNtNtCs1I4G5KWFz5n_15embedded_charts4axes5range5testss_39test_calculate_nice_range_negative_data
FNDA:1,_RNvNtNtNtCs1I4G5KWFz5n_15embedded_charts4axes5range5testss_39test_calculate_nice_range_positive_data
FNDA:1,_RNvNtNtNtCs1I4G5KWFz5n_15embedded_charts4axes5range5testss_45test_calculate_nice_range_large_positive_data
FNDA:0,_RINvNtNtCs1I4G5KWFz5n_15embedded_charts4axes5range33calculate_nice_ranges_from_boundsppEB6_
FNDA:0,_RINvNtNtCs1I4G5KWFz5n_15embedded_charts4axes5range37calculate_nice_ranges_separate_configppEB6_
FNDA:0,_RNvNtNtNtCs1I4G5KWFz5n_15embedded_charts4axes5range7presets10percentage
FNDA:0,_RNvNtNtNtCs1I4G5KWFz5n_15embedded_charts4axes5range7presets11time_series
FNDA:1,_RNvNtNtNtCs1I4G5KWFz5n_15embedded_charts4axes5range7presets5loose
FNDA:1,_RNvNtNtNtCs1I4G5KWFz5n_15embedded_charts4axes5range7presets5tight
FNDA:1,_RNvNtNtNtCs1I4G5KWFz5n_15embedded_charts4axes5range7presets8standard
FNDA:8,_RNvNtNtCs1I4G5KWFz5n_15embedded_charts4axes5range20calculate_nice_range
FNDA:5,_RNvXNtNtCs1I4G5KWFz5n_15embedded_charts4axes5rangeNtB2_22RangeCalculationConfigNtNtCs3XRySYX51hI_4core7default7Default7default
FNF:14
FNH:10
DA:29,5
DA:30,5
DA:31,5
DA:32,5
DA:33,5
DA:34,5
DA:35,5
DA:36,5
DA:69,8
DA:70,8
DA:72,2
DA:73,2
DA:74,1
DA:75,1
DA:76,1
DA:78,0
DA:81,0
DA:83,6
DA:86,6
DA:88,5
DA:89,3
DA:93,2
DA:94,2
DA:95,2
DA:96,2
DA:97,2
DA:98,2
DA:99,2
DA:100,2
DA:101,2
DA:102,2
DA:103,2
DA:104,2
DA:105,2
DA:106,2
DA:107,2
DA:108,2
DA:109,2
DA:110,2
DA:111,2
DA:112,2
DA:113,2
DA:114,2
DA:115,2
DA:116,2
DA:117,2
DA:118,2
DA:119,2
DA:120,2
DA:121,2
DA:122,2
DA:123,2
DA:124,2
DA:125,2
DA:126,2
DA:127,2
DA:128,2
DA:129,2
DA:130,2
DA:131,2
DA:132,2
DA:133,2
DA:134,2
DA:135,2
DA:136,2
DA:137,2
DA:138,2
DA:139,2
DA:140,2
DA:141,2
DA:142,2
DA:143,2
DA:144,2
DA:145,2
DA:146,2
DA:147,2
DA:148,2
DA:152,1
DA:156,6
DA:157,6
DA:158,6
DA:159,6
DA:160,6
DA:161,6
DA:162,6
DA:163,6
DA:164,6
DA:165,6
DA:166,6
DA:167,6
DA:168,6
DA:169,6
DA:170,6
DA:171,6
DA:172,6
DA:173,6
DA:174,6
DA:175,6
DA:176,6
DA:177,6
DA:178,6
DA:179,6
DA:180,6
DA:181,6
DA:182,6
DA:183,6
DA:184,6
DA:185,6
DA:186,6
DA:187,6
DA:188,6
DA:189,0
DA:190,6
DA:191,2
DA:192,4
DA:193,0
DA:195,4
DA:200,6
DA:201,6
DA:202,6
DA:203,6
DA:204,6
DA:205,6
DA:206,6
DA:207,6
DA:208,6
DA:209,6
DA:210,6
DA:211,6
DA:212,6
DA:213,6
DA:214,6
DA:215,6
DA:216,6
DA:217,6
DA:218,6
DA:219,6
DA:220,6
DA:221,6
DA:222,6
DA:223,6
DA:224,6
DA:225,6
DA:226,6
DA:227,6
DA:228,8
DA:266,0
DA:267,0
DA:268,0
DA:269,0
DA:270,0
DA:271,0
DA:272,0
DA:273,0
DA:274,0
DA:275,0
DA:276,0
DA:277,0
DA:294,0
DA:295,0
DA:296,0
DA:297,0
DA:298,0
DA:299,0
DA:300,0
DA:301,0
DA:302,0
DA:303,0
DA:304,0
DA:305,0
DA:306,0
DA:313,1
DA:314,1
DA:315,1
DA:318,1
DA:319,1
DA:320,1
DA:321,1
DA:322,1
DA:323,1
DA:324,1
DA:325,1
DA:328,1
DA:329,1
DA:330,1
DA:331,1
DA:332,1
DA:333,1
DA:334,1
DA:335,1
DA:338,0
DA:339,0
DA:340,0
DA:341,0
DA:342,0
DA:343,0
DA:344,0
DA:345,0
DA:348,0
DA:349,0
DA:350,0
DA:351,0
DA:352,0
DA:353,0
DA:354,0
DA:355,0
DA:363,1
DA:364,1
DA:365,1
DA:366,1
DA:367,1
DA:368,1
DA:369,1
DA:372,1
DA:373,1
DA:374,1
DA:375,1
DA:378,1
DA:379,1
DA:380,1
DA:381,1
DA:382,1
DA:383,1
DA:384,1
DA:385,1
DA:386,1
DA:389,1
DA:390,1
DA:391,1
DA:392,1
DA:393,1
DA:394,1
DA:395,1
DA:396,1
DA:399,1
DA:400,1
DA:401,1
DA:402,1
DA:403,1
DA:404,1
DA:405,1
DA:406,1
DA:409,1
DA:410,1
DA:411,1
DA:412,1
DA:415,1
DA:416,1
DA:417,1
DA:418,1
DA:419,1
DA:420,1
DA:421,1
DA:422,1
DA:423,1
DA:426,1
DA:427,1
DA:428,1
DA:429,1
DA:430,1
DA:431,1
BRF:0
BRH:0
LF:261
LH:216
end_of_record
SF:/home/tasuku/com/github/signal-slot/embedded-charts/src/axes/scale.rs
FN:478,_RNvNtNtNtCs1I4G5KWFz5n_15embedded_charts4axes5scale5testss_17test_linear_scale
FN:505,_RNvNtNtNtCs1I4G5KWFz5n_15embedded_charts4axes5scale5testss_22test_logarithmic_scale
FN:183,_RNvMs1_NtNtCs1I4G5KWFz5n_15embedded_charts4axes5scaleNtB5_16LogarithmicScale7natural
FN:352,_RNvMs4_NtNtCs1I4G5KWFz5n_15embedded_charts4axes5scaleINtB5_11CustomScaleppE3newB9_
FN:461,_RNvMs7_NtNtCs1I4G5KWFz5n_15embedded_charts4axes5scaleNtB5_9AxisScale12format_value
FN:421,_RNvMs7_NtNtCs1I4G5KWFz5n_15embedded_charts4axes5scaleNtB5_9AxisScale3new
FN:443,_RNvMs7_NtNtCs1I4G5KWFz5n_15embedded_charts4axes5scaleNtB5_9AxisScale7inverse
FN:452,_RNvMs7_NtNtCs1I4G5KWFz5n_15embedded_charts4axes5scaleNtB5_9AxisScale9get_ticks
FN:434,_RNvMs7_NtNtCs1I4G5KWFz5n_15embedded_charts4axes5scaleNtB5_9AxisScale9transform
FN:337,_RNvXININtNtCs1I4G5KWFz5n_15embedded_charts4axes5scales3_0ppEINtB5_11CustomScaleppENtNtCs3XRySYX51hI_4core3fmt5Debug3fmtB9_
FN:379,_RNvXININtNtCs1I4G5KWFz5n_15embedded_charts4axes5scales5_0ppEINtB5_11CustomScaleppENtB5_14ScaleTransform12format_valueB9_
FN:370,_RNvXININtNtCs1I4G5KWFz5n_15embedded_charts4axes5scales5_0ppEINtB5_11CustomScaleppENtB5_14ScaleTransform7inverseB9_
FN:374,_RNvXININtNtCs1I4G5KWFz5n_15embedded_charts4axes5scales5_0ppEINtB5_11CustomScaleppENtB5_14ScaleTransform9get_ticksB9_
FN:366,_RNvXININtNtCs1I4G5KWFz5n_15embedded_charts4axes5scales5_0ppEINtB5_11CustomScaleppENtB5_14ScaleTransform9transformB9_
FN:115,_RNvXs0_NtNtCs1I4G5KWFz5n_15embedded_charts4axes5scaleNtB5_11LinearScaleNtB5_14ScaleTransform12format_value
FN:289,_RNvXs2_NtNtCs1I4G5KWFz5n_15embedded_charts4axes5scaleNtB5_16LogarithmicScaleNtB5_14ScaleTransform12format_value
FN:207,_RNvXs2_NtNtCs1I4G5KWFz5n_15embedded_charts4axes5scaleNtB5_16LogarithmicScaleNtB5_14ScaleTransform7inverse
FN:222,_RNvXs2_NtNtCs1I4G5KWFz5n_15embedded_charts4axes5scaleNtB5_16LogarithmicScaleNtB5_14ScaleTransform9get_ticks
FN:403,_RNvXs6_NtNtCs1I4G5KWFz5n_15embedded_charts4axes5scaleNtB5_13AxisScaleTypeNtNtCs3XRySYX51hI_4core7default7Default7default
FN:148,_RNvMs1_NtNtCs1I4G5KWFz5n_15embedded_charts4axes5scaleNtB5_16LogarithmicScale3new
FN:178,_RNvMs1_NtNtCs1I4G5KWFz5n_15embedded_charts4axes5scaleNtB5_16LogarithmicScale6base10
FN:64,_RNvMs_NtNtCs1I4G5KWFz5n_15embedded_charts4axes5scaleNtB4_11LinearScale3new
FN:45,_RNvXNtNtCs1I4G5KWFz5n_15embedded_charts4axes5scaleNtB2_11ScaleConfigNtNtCs3XRySYX51hI_4core7default7Default7default
FN:84,_RNvXs0_NtNtCs1I4G5KWFz5n_15embedded_charts4axes5scaleNtB5_11LinearScaleNtB5_14ScaleTransform7inverse
FN:92,_RNvXs0_NtNtCs1I4G5KWFz5n_15embedded_charts4axes5scaleNtB5_11LinearScaleNtB5_14ScaleTransform9get_ticks
FN:75,_RNvXs0_NtNtCs1I4G5KWFz5n_15embedded_charts4axes5scaleNtB5_11LinearScaleNtB5_14ScaleTransform9transform
FN:189,_RNvXs2_NtNtCs1I4G5KWFz5n_15embedded_charts4axes5scaleNtB5_16LogarithmicScaleNtB5_14ScaleTransform9transform
FNDA:1,_RNvNtNtNtCs1I4G5KWFz5n_15embedded_charts4axes5scale5testss_17test_linear_scale
FNDA:1,_RNvNtNtNtCs1I4G5KWFz5n_15embedded_charts4axes5scale5testss_22test_logarithmic_scale
FNDA:0,_RNvMs1_NtNtCs1I4G5KWFz5n_15embedded_charts4axes5scaleNtB5_16LogarithmicScale7natural
FNDA:0,_RNvMs4_NtNtCs1I4G5KWFz5n_15embedded_charts4axes5scaleINtB5_11CustomScaleppE3newB9_
FNDA:0,_RNvMs7_NtNtCs1I4G5KWFz5n_15embedded_charts4axes5scaleNtB5_9AxisScale12format_value
FNDA:0,_RNvMs7_NtNtCs1I4G5KWFz5n_15embedded_charts4axes5scaleNtB5_9AxisScale3new
FNDA:0,_RNvMs7_NtNtCs1I4G5KWFz5n_15embedded_charts4axes5scaleNtB5_9AxisScale7inverse
FNDA:0,_RNvMs7_NtNtCs1I4G5KWFz5n_15embedded_charts4axes5scaleNtB5_9AxisScale9get_ticks
FNDA:0,_RNvMs7_NtNtCs1I4G5KWFz5n_15embedded_charts4axes5scaleNtB5_9AxisScale9transform
FNDA:0,_RNvXININtNtCs1I4G5KWFz5n_15embedded_charts4axes5scales3_0ppEINtB5_11CustomScaleppENtNtCs3XRySYX51hI_4core3fmt5Debug3fmtB9_
FNDA:0,_RNvXININtNtCs1I4G5KWFz5n_15embedded_charts4axes5scales5_0ppEINtB5_11CustomScaleppENtB5_14ScaleTransform12format_valueB9_
FNDA:0,_RNvXININtNtCs1I4G5KWFz5n_15embedded_charts4axes5scales5_0ppEINtB5_11CustomScaleppENtB5_14ScaleTransform7inverseB9_
FNDA:0,_RNvXININtNtCs1I4G5KWFz5n_15embedded_charts4axes5scales5_0ppEINtB5_11CustomScaleppENtB5_14ScaleTransform9get_ticksB9_
FNDA:0,_RNvXININtNtCs1I4G5KWFz5n_15embedded_charts4axes5scales5_0ppEINtB5_11CustomScaleppENtB5_14ScaleTransform9transformB9_
FNDA:0,_RNvXs0_NtNtCs1I4G5KWFz5n_15embedded_charts4axes5scaleNtB5_11LinearScaleNtB5_14ScaleTransform12format_value
FNDA:0,_RNvXs2_NtNtCs1I4G5KWFz5n_15embedded_charts4axes5scaleNtB5_16LogarithmicScaleNtB5_14ScaleTransform12format_value
FNDA:0,_RNvXs2_NtNtCs1I4G5KWFz5n_15embedded_charts4axes5scaleNtB5_16LogarithmicScaleNtB5_14ScaleTransform7inverse
FNDA:0,_RNvXs2_NtNtCs1I4G5KWFz5n_15embedded_charts4axes5scaleNtB5_16LogarithmicScaleNtB5_14ScaleTransform9get_ticks
FNDA:0,_RNvXs6_NtNtCs1I4G5KWFz5n_15embedded_charts4axes5scaleNtB5_13AxisScaleTypeNtNtCs3XRySYX51hI_4core7default7Default7default
FNDA:1,_RNvMs1_NtNtCs1I4G5KWFz5n_15embedded_charts4axes5scaleNtB5_16LogarithmicScale3new
FNDA:1,_RNvMs1_NtNtCs1I4G5KWFz5n_15embedded_charts4axes5scaleNtB5_16LogarithmicScale6base10
FNDA:1,_RNvMs_NtNtCs1I4G5KWFz5n_15embedded_charts4axes5scaleNtB4_11LinearScale3new
FNDA:2,_RNvXNtNtCs1I4G5KWFz5n_15embedded_charts4axes5scaleNtB2_11ScaleConfigNtNtCs3XRySYX51hI_4core7default7Default7default
FNDA:3,_RNvXs0_NtNtCs1I4G5KWFz5n_15embedded_charts4axes5scaleNtB5_11LinearScaleNtB5_14ScaleTransform7inverse
FNDA:1,_RNvXs0_NtNtCs1I4G5KWFz5n_15embedded_charts4axes5scaleNtB5_11LinearScaleNtB5_14ScaleTransform9get_ticks
FNDA:3,_RNvXs0_NtNtCs1I4G5KWFz5n_15embedded_charts4axes5scaleNtB5_11LinearScaleNtB5_14ScaleTransform9transform
FNDA:6,_RNvXs2_NtNtCs1I4G5KWFz5n_15embedded_charts4axes5scaleNtB5_16LogarithmicScaleNtB5_14ScaleTransform9transform
FNF:27
FNH:10
DA:45,2
DA:46,2
DA:47,2
DA:48,2
DA:49,2
DA:50,2
DA:51,2
DA:52,2
DA:64,1
DA:65,1
DA:66,0
DA:67,1
DA:68,1
DA:69,1
DA:70,1
DA:71,1
DA:75,3
DA:76,3
DA:77,0
DA:78,3
DA:79,3
DA:80,3
DA:81,3
DA:82,3
DA:84,3
DA:85,3
DA:86,0
DA:87,3
DA:88,3
DA:89,3
DA:90,3
DA:92,1
DA:93,1
DA:94,1
DA:95,1
DA:96,0
DA:97,1
DA:98,1
DA:99,1
DA:100,0
DA:101,0
DA:102,1
DA:103,1
DA:104,1
DA:105,5
DA:106,5
DA:107,5
DA:108,0
DA:109,5
DA:112,1
DA:113,1
DA:115,0
DA:116,0
DA:117,0
DA:118,0
DA:119,0
DA:120,0
DA:121,0
DA:122,0
DA:123,0
DA:124,0
DA:125,0
DA:126,0
DA:127,0
DA:128,0
DA:129,0
DA:131,0
DA:132,0
DA:148,1
DA:149,1
DA:150,0
DA:151,1
DA:152,1
DA:153,1
DA:154,0
DA:155,1
DA:156,1
DA:157,1
DA:158,0
DA:159,1
DA:160,1
DA:161,1
DA:162,1
DA:163,1
DA:164,1
DA:165,1
DA:166,1
DA:167,1
DA:168,1
DA:169,1
DA:170,1
DA:171,1
DA:172,1
DA:173,1
DA:174,1
DA:175,1
DA:178,1
DA:179,1
DA:180,1
DA:183,0
DA:184,0
DA:185,0
DA:189,6
DA:190,6
DA:191,2
DA:192,4
DA:193,4
DA:194,4
DA:195,0
DA:196,4
DA:197,4
DA:198,4
DA:199,4
DA:200,4
DA:201,4
DA:202,4
DA:203,4
DA:204,4
DA:205,6
DA:207,0
DA:208,0
DA:209,0
DA:210,0
DA:211,0
DA:212,0
DA:213,0
DA:214,0
DA:215,0
DA:216,0
DA:217,0
DA:218,0
DA:219,0
DA:220,0
DA:222,0
DA:223,0
DA:224,0
DA:225,0
DA:226,0
DA:227,0
DA:228,0
DA:229,0
DA:230,0
DA:231,0
DA:232,0
DA:235,0
DA:237,0
DA:238,0
DA:239,0
DA:240,0
DA:241,0
DA:242,0
DA:244,0
DA:245,0
DA:246,0
DA:247,0
DA:249,0
DA:251,0
DA:252,0
DA:253,0
DA:255,0
DA:258,0
DA:261,0
DA:262,0
DA:263,0
DA:264,0
DA:268,0
DA:269,0
DA:270,0
DA:271,0
DA:272,0
DA:273,0
DA:274,0
DA:275,0
DA:276,0
DA:277,0
DA:278,0
DA:279,0
DA:281,0
DA:283,0
DA:286,0
DA:287,0
DA:289,0
DA:290,0
DA:291,0
DA:292,0
DA:295,0
DA:296,0
DA:297,0
DA:298,0
DA:299,0
DA:300,0
DA:301,0
DA:302,0
DA:303,0
DA:304,0
DA:305,0
DA:308,0
DA:309,0
DA:310,0
DA:311,0
DA:312,0
DA:313,0
DA:314,0
DA:317,0
DA:318,0
DA:337,0
DA:338,0
DA:339,0
DA:340,0
DA:341,0
DA:342,0
DA:343,0
DA:352,0
DA:353,0
DA:354,0
DA:355,0
DA:356,0
DA:357,0
DA:358,0
DA:366,0
DA:367,0
DA:368,0
DA:370,0
DA:371,0
DA:372,0
DA:374,0
DA:375,0
DA:376,0
DA:377,0
DA:379,0
DA:380,0
DA:381,0
DA:382,0
DA:383,0
DA:384,0
DA:403,0
DA:404,0
DA:405,0
DA:421,0
DA:422,0
DA:423,0
DA:424,0
DA:425,0
DA:426,0
DA:427,0
DA:429,0
DA:431,0
DA:434,0
DA:435,0
DA:436,0
DA:437,0
DA:438,0
DA:440,0
DA:443,0
DA:444,0
DA:445,0
DA:446,0
DA:447,0
DA:449,0
DA:452,0
DA:453,0
DA:454,0
DA:455,0
DA:456,0
DA:458,0
DA:461,0
DA:462,0
DA:463,0
DA:464,0
DA:465,0
DA:467,0
DA:478,1
DA:479,1
DA:480,1
DA:481,1
DA:482,1
DA:483,1
DA:484,1
DA:485,1
DA:486,1
DA:487,1
DA:488,1
DA:489,1
DA:490,1
DA:493,1
DA:494,1
DA:495,1
DA:498,1
DA:499,1
DA:500,1
DA:501,1
DA:502,1
DA:505,1
DA:506,1
DA:507,1
DA:508,1
DA:509,1
DA:510,1
DA:511,1
DA:512,1
DA:513,1
DA:514,1
DA:515,1
DA:516,1
DA:517,1
DA:518,1
DA:521,1
DA:522,1
DA:523,1
BRF:0
BRH:0
LF:309
LH:126
end_of_record
SF:/home/tasuku/com/github/signal-slot/embedded-charts/src/axes/style.rs
FN:107,_RNvMNtNtCs1I4G5KWFz5n_15embedded_charts4axes5styleINtB2_9AxisStylepE11with_labelsB6_
FN:77,_RNvMNtNtCs1I4G5KWFz5n_15embedded_charts4axes5styleINtB2_9AxisStylepE14with_axis_lineB6_
FN:95,_RNvMNtNtCs1I4G5KWFz5n_15embedded_charts4axes5styleINtB2_9AxisStylepE15with_grid_linesB6_
FN:83,_RNvMNtNtCs1I4G5KWFz5n_15embedded_charts4axes5styleINtB2_9AxisStylepE16with_major_ticksB6_
FN:89,_RNvMNtNtCs1I4G5KWFz5n_15embedded_charts4axes5styleINtB2_9AxisStylepE16with_minor_ticksB6_
FN:113,_RNvMNtNtCs1I4G5KWFz5n_15embedded_charts4axes5styleINtB2_9AxisStylepE17with_label_offsetB6_
FN:101,_RNvMNtNtCs1I4G5KWFz5n_15embedded_charts4axes5styleINtB2_9AxisStylepE18without_grid_linesB6_
FN:205,_RNvMs0_NtNtCs1I4G5KWFz5n_15embedded_charts4axes5styleINtB5_10LabelStylepE10with_colorB9_
FN:235,_RNvMs0_NtNtCs1I4G5KWFz5n_15embedded_charts4axes5styleINtB5_10LabelStylepE6hiddenB9_
FN:241,_RNvMs0_NtNtCs1I4G5KWFz5n_15embedded_charts4axes5styleINtB5_10LabelStylepE7visibleB9_
FN:162,_RNvMs_NtNtCs1I4G5KWFz5n_15embedded_charts4axes5styleINtB4_9TickStylepE10with_colorB8_
FN:186,_RNvMs_NtNtCs1I4G5KWFz5n_15embedded_charts4axes5styleINtB4_9TickStylepE7visibleB8_
FN:251,_RNvXININtNtCs1I4G5KWFz5n_15embedded_charts4axes5styles1_0pEINtB5_9AxisStylepENtNtCs3XRySYX51hI_4core7default7Default7defaultB9_
FN:260,_RNvXININtNtCs1I4G5KWFz5n_15embedded_charts4axes5styles2_0pEINtB5_9TickStylepENtNtCs3XRySYX51hI_4core7default7Default7defaultB9_
FN:269,_RNvXININtNtCs1I4G5KWFz5n_15embedded_charts4axes5styles3_0pEINtB5_10LabelStylepENtNtCs3XRySYX51hI_4core7default7Default7defaultB9_
FN:275,_RNvXs4_NtNtCs1I4G5KWFz5n_15embedded_charts4axes5styleNtB5_13TextAlignmentNtNtCs3XRySYX51hI_4core7default7Default7default
FN:321,_RNvNtNtNtCs1I4G5KWFz5n_15embedded_charts4axes5style5testss_18test_minimal_style
FN:314,_RNvNtNtNtCs1I4G5KWFz5n_15embedded_charts4axes5style5testss_23test_professional_style
FN:294,_RNvNtNtNtCs1I4G5KWFz5n_15embedded_charts4axes5style5testss_23test_tick_style_builder
FN:286,_RNvNtNtNtCs1I4G5KWFz5n_15embedded_charts4axes5style5testss_24test_axis_style_creation
FN:302,_RNvNtNtNtCs1I4G5KWFz5n_15embedded_charts4axes5style5testss_24test_label_style_builder
FN:133,_RNvMNtNtCs1I4G5KWFz5n_15embedded_charts4axes5styleINtB2_9AxisStyleNtNtNtCshH4H1wHMe2V_22embedded_graphics_core10pixelcolor9rgb_color6Rgb565E12professionalB6_
FN:65,_RNvMNtNtCs1I4G5KWFz5n_15embedded_charts4axes5styleINtB2_9AxisStyleNtNtNtCshH4H1wHMe2V_22embedded_graphics_core10pixelcolor9rgb_color6Rgb565E3newB6_
FN:119,_RNvMNtNtCs1I4G5KWFz5n_15embedded_charts4axes5styleINtB2_9AxisStyleNtNtNtCshH4H1wHMe2V_22embedded_graphics_core10pixelcolor9rgb_color6Rgb565E7minimalB6_
FN:223,_RNvMs0_NtNtCs1I4G5KWFz5n_15embedded_charts4axes5styleINtB5_10LabelStyleNtNtNtCshH4H1wHMe2V_22embedded_graphics_core10pixelcolor9rgb_color6Rgb565E13with_rotationB9_
FN:217,_RNvMs0_NtNtCs1I4G5KWFz5n_15embedded_charts4axes5styleINtB5_10LabelStyleNtNtNtCshH4H1wHMe2V_22embedded_graphics_core10pixelcolor9rgb_color6Rgb565E14with_alignmentB9_
FN:211,_RNvMs0_NtNtCs1I4G5KWFz5n_15embedded_charts4axes5styleINtB5_10LabelStyleNtNtNtCshH4H1wHMe2V_22embedded_graphics_core10pixelcolor9rgb_color6Rgb565E14with_font_sizeB9_
FN:194,_RNvMs0_NtNtCs1I4G5KWFz5n_15embedded_charts4axes5styleINtB5_10LabelStyleNtNtNtCshH4H1wHMe2V_22embedded_graphics_core10pixelcolor9rgb_color6Rgb565E3newB9_
FN:168,_RNvMs_NtNtCs1I4G5KWFz5n_15embedded_charts4axes5styleINtB4_9TickStyleNtNtNtCshH4H1wHMe2V_22embedded_graphics_core10pixelcolor9rgb_color6Rgb565E10with_widthB8_
FN:174,_RNvMs_NtNtCs1I4G5KWFz5n_15embedded_charts4axes5styleINtB4_9TickStyleNtNtNtCshH4H1wHMe2V_22embedded_graphics_core10pixelcolor9rgb_color6Rgb565E11with_lengthB8_
FN:153,_RNvMs_NtNtCs1I4G5KWFz5n_15embedded_charts4axes5styleINtB4_9TickStyleNtNtNtCshH4H1wHMe2V_22embedded_graphics_core10pixelcolor9rgb_color6Rgb565E3newB8_
FN:180,_RNvMs_NtNtCs1I4G5KWFz5n_15embedded_charts4axes5styleINtB4_9TickStyleNtNtNtCshH4H1wHMe2V_22embedded_graphics_core10pixelcolor9rgb_color6Rgb565E6hiddenB8_
FNDA:0,_RNvMNtNtCs1I4G5KWFz5n_15embedded_charts4axes5styleINtB2_9AxisStylepE11with_labelsB6_
FNDA:0,_RNvMNtNtCs1I4G5KWFz5n_15embedded_charts4axes5styleINtB2_9AxisStylepE14with_axis_lineB6_
FNDA:0,_RNvMNtNtCs1I4G5KWFz5n_15embedded_charts4axes5styleINtB2_9AxisStylepE15with_grid_linesB6_
FNDA:0,_RNvMNtNtCs1I4G5KWFz5n_15embedded_charts4axes5styleINtB2_9AxisStylepE16with_major_ticksB6_
FNDA:0,_RNvMNtNtCs1I4G5KWFz5n_15embedded_charts4axes5styleINtB2_9AxisStylepE16with_minor_ticksB6_
FNDA:0,_RNvMNtNtCs1I4G5KWFz5n_15embedded_charts4axes5styleINtB2_9AxisStylepE17with_label_offsetB6_
FNDA:0,_RNvMNtNtCs1I4G5KWFz5n_15embedded_charts4axes5styleINtB2_9AxisStylepE18without_grid_linesB6_
FNDA:0,_RNvMs0_NtNtCs1I4G5KWFz5n_15embedded_charts4axes5styleINtB5_10LabelStylepE10with_colorB9_
FNDA:0,_RNvMs0_NtNtCs1I4G5KWFz5n_15embedded_charts4axes5styleINtB5_10LabelStylepE6hiddenB9_
FNDA:0,_RNvMs0_NtNtCs1I4G5KWFz5n_15embedded_charts4axes5styleINtB5_10LabelStylepE7visibleB9_
FNDA:0,_RNvMs_NtNtCs1I4G5KWFz5n_15embedded_charts4axes5styleINtB4_9TickStylepE10with_colorB8_
FNDA:0,_RNvMs_NtNtCs1I4G5KWFz5n_15embedded_charts4axes5styleINtB4_9TickStylepE7visibleB8_
FNDA:0,_RNvXININtNtCs1I4G5KWFz5n_15embedded_charts4axes5styles1_0pEINtB5_9AxisStylepENtNtCs3XRySYX51hI_4core7default7Default7defaultB9_
FNDA:0,_RNvXININtNtCs1I4G5KWFz5n_15embedded_charts4axes5styles2_0pEINtB5_9TickStylepENtNtCs3XRySYX51hI_4core7default7Default7defaultB9_
FNDA:0,_RNvXININtNtCs1I4G5KWFz5n_15embedded_charts4axes5styles3_0pEINtB5_10LabelStylepENtNtCs3XRySYX51hI_4core7default7Default7defaultB9_
FNDA:0,_RNvXs4_NtNtCs1I4G5KWFz5n_15embedded_charts4axes5styleNtB5_13TextAlignmentNtNtCs3XRySYX51hI_4core7default7Default7default
FNDA:1,_RNvNtNtNtCs1I4G5KWFz5n_15embedded_charts4axes5style5testss_18test_minimal_style
FNDA:1,_RNvNtNtNtCs1I4G5KWFz5n_15embedded_charts4axes5style5testss_23test_professional_style
FNDA:1,_RNvNtNtNtCs1I4G5KWFz5n_15embedded_charts4axes5style5testss_23test_tick_style_builder
FNDA:1,_RNvNtNtNtCs1I4G5KWFz5n_15embedded_charts4axes5style5testss_24test_axis_style_creation
FNDA:1,_RNvNtNtNtCs1I4G5KWFz5n_15embedded_charts4axes5style5testss_24test_label_style_builder
FNDA:2,_RNvMNtNtCs1I4G5KWFz5n_15embedded_charts4axes5styleINtB2_9AxisStyleNtNtNtCshH4H1wHMe2V_22embedded_graphics_core10pixelcolor9rgb_color6Rgb565E12professionalB6_
FNDA:28,_RNvMNtNtCs1I4G5KWFz5n_15embedded_charts4axes5styleINtB2_9AxisStyleNtNtNtCshH4H1wHMe2V_22embedded_graphics_core10pixelcolor9rgb_color6Rgb565E3newB6_
FNDA:2,_RNvMNtNtCs1I4G5KWFz5n_15embedded_charts4axes5styleINtB2_9AxisStyleNtNtNtCshH4H1wHMe2V_22embedded_graphics_core10pixelcolor9rgb_color6Rgb565E7minimalB6_
FNDA:1,_RNvMs0_NtNtCs1I4G5KWFz5n_15embedded_charts4axes5styleINtB5_10LabelStyleNtNtNtCshH4H1wHMe2V_22embedded_graphics_core10pixelcolor9rgb_color6Rgb565E13with_rotationB9_
FNDA:1,_RNvMs0_NtNtCs1I4G5KWFz5n_15embedded_charts4axes5styleINtB5_10LabelStyleNtNtNtCshH4H1wHMe2V_22embedded_graphics_core10pixelcolor9rgb_color6Rgb565E14with_alignmentB9_
FNDA:3,_RNvMs0_NtNtCs1I4G5KWFz5n_15embedded_charts4axes5styleINtB5_10LabelStyleNtNtNtCshH4H1wHMe2V_22embedded_graphics_core10pixelcolor9rgb_color6Rgb565E14with_font_sizeB9_
FNDA:33,_RNvMs0_NtNtCs1I4G5KWFz5n_15embedded_charts4axes5styleINtB5_10LabelStyleNtNtNtCshH4H1wHMe2V_22embedded_graphics_core10pixelcolor9rgb_color6Rgb565E3newB9_
FNDA:3,_RNvMs_NtNtCs1I4G5KWFz5n_15embedded_charts4axes5styleINtB4_9TickStyleNtNtNtCshH4H1wHMe2V_22embedded_graphics_core10pixelcolor9rgb_color6Rgb565E10with_widthB8_
FNDA:1,_RNvMs_NtNtCs1I4G5KWFz5n_15embedded_charts4axes5styleINtB4_9TickStyleNtNtNtCshH4H1wHMe2V_22embedded_graphics_core10pixelcolor9rgb_color6Rgb565E11with_lengthB8_
FNDA:65,_RNvMs_NtNtCs1I4G5KWFz5n_15embedded_charts4axes5styleINtB4_9TickStyleNtNtNtCshH4H1wHMe2V_22embedded_graphics_core10pixelcolor9rgb_color6Rgb565E3newB8_
FNDA:2,_RNvMs_NtNtCs1I4G5KWFz5n_15embedded_charts4axes5styleINtB4_9TickStyleNtNtNtCshH4H1wHMe2V_22embedded_graphics_core10pixelcolor9rgb_color6Rgb565E6hiddenB8_
FNF:32
FNH:16
DA:65,28
DA:66,28
DA:67,28
DA:68,28
DA:69,28
DA:70,28
DA:71,28
DA:72,28
DA:73,28
DA:74,28
DA:77,0
DA:78,0
DA:79,0
DA:80,0
DA:83,0
DA:84,0
DA:85,0
DA:86,0
DA:89,0
DA:90,0
DA:91,0
DA:92,0
DA:95,0
DA:96,0
DA:97,0
DA:98,0
DA:101,0
DA:102,0
DA:103,0
DA:104,0
DA:107,0
DA:108,0
DA:109,0
DA:110,0
DA:113,0
DA:114,0
DA:115,0
DA:116,0
DA:119,2
DA:120,2
DA:121,2
DA:122,2
DA:123,2
DA:124,2
DA:125,2
DA:126,2
DA:127,2
DA:128,2
DA:129,2
DA:130,2
DA:133,2
DA:134,2
DA:135,2
DA:136,2
DA:137,2
DA:138,2
DA:139,2
DA:140,2
DA:141,2
DA:142,2
DA:143,2
DA:144,2
DA:145,2
DA:146,2
DA:147,2
DA:148,2
DA:153,65
DA:154,65
DA:155,65
DA:156,65
DA:157,65
DA:158,65
DA:159,65
DA:162,0
DA:163,0
DA:164,0
DA:165,0
DA:168,3
DA:169,3
DA:170,3
DA:171,3
DA:174,1
DA:175,1
DA:176,1
DA:177,1
DA:180,2
DA:181,2
DA:182,2
DA:183,2
DA:186,0
DA:187,0
DA:188,0
DA:189,0
DA:194,33
DA:195,33
DA:196,33
DA:197,33
DA:198,33
DA:199,33
DA:200,33
DA:201,33
DA:202,33
DA:205,0
DA:206,0
DA:207,0
DA:208,0
DA:211,3
DA:212,3
DA:213,3
DA:214,3
DA:217,1
DA:218,1
DA:219,1
DA:220,1
DA:223,1
DA:224,1
DA:225,1
DA:226,1
DA:227,0
DA:228,0
DA:229,0
DA:231,1
DA:232,1
DA:235,0
DA:236,0
DA:237,0
DA:238,0
DA:241,0
DA:242,0
DA:243,0
DA:244,0
DA:251,0
DA:252,0
DA:253,0
DA:260,0
DA:261,0
DA:262,0
DA:269,0
DA:270,0
DA:271,0
DA:275,0
DA:276,0
DA:277,0
DA:286,1
DA:287,1
DA:288,1
DA:289,1
DA:290,1
DA:291,1
DA:294,1
DA:295,1
DA:296,1
DA:297,1
DA:298,1
DA:299,1
DA:302,1
DA:303,1
DA:304,1
DA:305,1
DA:306,1
DA:307,1
DA:308,1
DA:309,1
DA:310,1
DA:311,1
DA:314,1
DA:315,1
DA:316,1
DA:317,1
DA:318,1
DA:321,1
DA:322,1
DA:323,1
DA:324,1
DA:325,1
BRF:0
BRH:0
LF:175
LH:112
end_of_record
SF:/home/tasuku/com/github/signal-slot/embedded-charts/src/axes/ticks.rs
FN:205,_RINvMNtNtCs1I4G5KWFz5n_15embedded_charts4axes5ticksNtB3_19LinearTickGenerator20generate_minor_tickspEB7_
FN:311,_RNvMs0_NtNtCs1I4G5KWFz5n_15embedded_charts4axes5ticksINtB5_19CustomTickGeneratorpE5clearB9_
FN:371,_RNvMs3_NtNtCs1I4G5KWFz5n_15embedded_charts4axes5ticksNtB5_16LogTickGenerator16with_minor_ticks
FN:355,_RNvMs3_NtNtCs1I4G5KWFz5n_15embedded_charts4axes5ticksNtB5_16LogTickGenerator3new
FN:363,_RNvMs3_NtNtCs1I4G5KWFz5n_15embedded_charts4axes5ticksNtB5_16LogTickGenerator9with_base
FN:329,_RNvXININtNtCs1I4G5KWFz5n_15embedded_charts4axes5tickss1_0pEINtB5_19CustomTickGeneratorpEINtNtB7_6traits13TickGeneratorpE20preferred_tick_countB9_
FN:333,_RNvXININtNtCs1I4G5KWFz5n_15embedded_charts4axes5tickss1_0pEINtB5_19CustomTickGeneratorpEINtNtB7_6traits13TickGeneratorpE24set_preferred_tick_countB9_
FN:339,_RNvXININtNtCs1I4G5KWFz5n_15embedded_charts4axes5tickss2_0pEINtB5_19CustomTickGeneratorpENtNtCs3XRySYX51hI_4core7default7Default7defaultB9_
FN:272,_RNvXININtNtCs1I4G5KWFz5n_15embedded_charts4axes5tickss_0pENtB5_19LinearTickGeneratorINtNtB7_6traits13TickGeneratorpE20preferred_tick_countB9_
FN:378,_RNvXs4_NtNtCs1I4G5KWFz5n_15embedded_charts4axes5ticksNtB5_16LogTickGeneratorINtNtB7_6traits13TickGeneratorfE14generate_ticks
FN:454,_RNvXs4_NtNtCs1I4G5KWFz5n_15embedded_charts4axes5ticksNtB5_16LogTickGeneratorINtNtB7_6traits13TickGeneratorfE20preferred_tick_count
FN:458,_RNvXs4_NtNtCs1I4G5KWFz5n_15embedded_charts4axes5ticksNtB5_16LogTickGeneratorINtNtB7_6traits13TickGeneratorfE24set_preferred_tick_count
FN:464,_RNvXs5_NtNtCs1I4G5KWFz5n_15embedded_charts4axes5ticksNtB5_16LogTickGeneratorNtNtCs3XRySYX51hI_4core7default7Default7default
FN:506,_RNvNtNtNtCs1I4G5KWFz5n_15embedded_charts4axes5ticks5testss_26test_custom_tick_generator
FN:516,_RNCNvNtNtNtCs1I4G5KWFz5n_15embedded_charts4axes5ticks5testss_26test_custom_tick_generator0B9_
FN:32,_RNvMNtNtCs1I4G5KWFz5n_15embedded_charts4axes5ticksNtB2_19LinearTickGenerator16with_minor_ticks
FN:39,_RNvMNtNtCs1I4G5KWFz5n_15embedded_charts4axes5ticksNtB2_19LinearTickGenerator19without_minor_ticks
FN:20,_RNvMNtNtCs1I4G5KWFz5n_15embedded_charts4axes5ticksNtB2_19LinearTickGenerator3new
FN:45,_RINvMNtNtCs1I4G5KWFz5n_15embedded_charts4axes5ticksNtB3_19LinearTickGenerator19calculate_nice_stepfEB7_
FN:105,_RINvMNtNtCs1I4G5KWFz5n_15embedded_charts4axes5ticksNtB3_19LinearTickGenerator20generate_major_ticksfEB7_
FN:162,_RINvMNtNtCs1I4G5KWFz5n_15embedded_charts4axes5ticksNtB3_19LinearTickGenerator30generate_minor_ticks_for_rangefEB7_
FN:295,_RNvMs0_NtNtCs1I4G5KWFz5n_15embedded_charts4axes5ticksINtB5_19CustomTickGeneratorfE14add_major_tickB9_
FN:303,_RNvMs0_NtNtCs1I4G5KWFz5n_15embedded_charts4axes5ticksINtB5_19CustomTickGeneratorfE14add_minor_tickB9_
FN:290,_RNvMs0_NtNtCs1I4G5KWFz5n_15embedded_charts4axes5ticksINtB5_19CustomTickGeneratorfE3newB9_
FN:317,_RNvXs1_NtNtCs1I4G5KWFz5n_15embedded_charts4axes5ticksINtB5_19CustomTickGeneratorfEINtNtB7_6traits13TickGeneratorfE14generate_ticksB9_
FN:233,_RNvXs_NtNtCs1I4G5KWFz5n_15embedded_charts4axes5ticksNtB4_19LinearTickGeneratorINtNtB6_6traits13TickGeneratorfE14generate_ticksB8_
FN:276,_RNvXs_NtNtCs1I4G5KWFz5n_15embedded_charts4axes5ticksNtB4_19LinearTickGeneratorINtNtB6_6traits13TickGeneratorfE24set_preferred_tick_countB8_
FNDA:0,_RINvMNtNtCs1I4G5KWFz5n_15embedded_charts4axes5ticksNtB3_19LinearTickGenerator20generate_minor_tickspEB7_
FNDA:0,_RNvMs0_NtNtCs1I4G5KWFz5n_15embedded_charts4axes5ticksINtB5_19CustomTickGeneratorpE5clearB9_
FNDA:0,_RNvMs3_NtNtCs1I4G5KWFz5n_15embedded_charts4axes5ticksNtB5_16LogTickGenerator16with_minor_ticks
FNDA:0,_RNvMs3_NtNtCs1I4G5KWFz5n_15embedded_charts4axes5ticksNtB5_16LogTickGenerator3new
FNDA:0,_RNvMs3_NtNtCs1I4G5KWFz5n_15embedded_charts4axes5ticksNtB5_16LogTickGenerator9with_base
FNDA:0,_RNvXININtNtCs1I4G5KWFz5n_15embedded_charts4axes5tickss1_0pEINtB5_19CustomTickGeneratorpEINtNtB7_6traits13TickGeneratorpE20preferred_tick_countB9_
FNDA:0,_RNvXININtNtCs1I4G5KWFz5n_15embedded_charts4axes5tickss1_0pEINtB5_19CustomTickGeneratorpEINtNtB7_6traits13TickGeneratorpE24set_preferred_tick_countB9_
FNDA:0,_RNvXININtNtCs1I4G5KWFz5n_15embedded_charts4axes5tickss2_0pEINtB5_19CustomTickGeneratorpENtNtCs3XRySYX51hI_4core7default7Default7defaultB9_
FNDA:0,_RNvXININtNtCs1I4G5KWFz5n_15embedded_charts4axes5tickss_0pENtB5_19LinearTickGeneratorINtNtB7_6traits13TickGeneratorpE20preferred_tick_countB9_
FNDA:0,_RNvXs4_NtNtCs1I4G5KWFz5n_15embedded_charts4axes5ticksNtB5_16LogTickGeneratorINtNtB7_6traits13TickGeneratorfE14generate_ticks
FNDA:0,_RNvXs4_NtNtCs1I4G5KWFz5n_15embedded_charts4axes5ticksNtB5_16LogTickGeneratorINtNtB7_6traits13TickGeneratorfE20preferred_tick_count
FNDA:0,_RNvXs4_NtNtCs1I4G5KWFz5n_15embedded_charts4axes5ticksNtB5_16LogTickGeneratorINtNtB7_6traits13TickGeneratorfE24set_preferred_tick_count
FNDA:0,_RNvXs5_NtNtCs1I4G5KWFz5n_15embedded_charts4axes5ticksNtB5_16LogTickGeneratorNtNtCs3XRySYX51hI_4core7default7Default7default
FNDA:1,_RNvNtNtNtCs1I4G5KWFz5n_15embedded_charts4axes5ticks5testss_26test_custom_tick_generator
FNDA:4,_RNCNvNtNtNtCs1I4G5KWFz5n_15embedded_charts4axes5ticks5testss_26test_custom_tick_generator0B9_
FNDA:1,_RNvMNtNtCs1I4G5KWFz5n_15embedded_charts4axes5ticksNtB2_19LinearTickGenerator16with_minor_ticks
FNDA:1,_RNvMNtNtCs1I4G5KWFz5n_15embedded_charts4axes5ticksNtB2_19LinearTickGenerator19without_minor_ticks
FNDA:27,_RNvMNtNtCs1I4G5KWFz5n_15embedded_charts4axes5ticksNtB2_19LinearTickGenerator3new
FNDA:2,_RINvMNtNtCs1I4G5KWFz5n_15embedded_charts4axes5ticksNtB3_19LinearTickGenerator19calculate_nice_stepfEB7_
FNDA:2,_RINvMNtNtCs1I4G5KWFz5n_15embedded_charts4axes5ticksNtB3_19LinearTickGenerator20generate_major_ticksfEB7_
FNDA:0,_RINvMNtNtCs1I4G5KWFz5n_15embedded_charts4axes5ticksNtB3_19LinearTickGenerator30generate_minor_ticks_for_rangefEB7_
FNDA:6,_RNvMs0_NtNtCs1I4G5KWFz5n_15embedded_charts4axes5ticksINtB5_19CustomTickGeneratorfE14add_major_tickB9_
FNDA:3,_RNvMs0_NtNtCs1I4G5KWFz5n_15embedded_charts4axes5ticksINtB5_19CustomTickGeneratorfE14add_minor_tickB9_
FNDA:2,_RNvMs0_NtNtCs1I4G5KWFz5n_15embedded_charts4axes5ticksINtB5_19CustomTickGeneratorfE3newB9_
FNDA:1,_RNvXs1_NtNtCs1I4G5KWFz5n_15embedded_charts4axes5ticksINtB5_19CustomTickGeneratorfEINtNtB7_6traits13TickGeneratorfE14generate_ticksB9_
FNDA:2,_RNvXs_NtNtCs1I4G5KWFz5n_15embedded_charts4axes5ticksNtB4_19LinearTickGeneratorINtNtB6_6traits13TickGeneratorfE14generate_ticksB8_
FNDA:3,_RNvXs_NtNtCs1I4G5KWFz5n_15embedded_charts4axes5ticksNtB4_19LinearTickGeneratorINtNtB6_6traits13TickGeneratorfE24set_preferred_tick_countB8_
FNF:27
FNH:13
DA:20,27
DA:21,27
DA:22,27
DA:23,27
DA:24,27
DA:25,27
DA:26,27
DA:32,1
DA:33,1
DA:34,1
DA:35,1
DA:36,1
DA:39,1
DA:40,1
DA:41,1
DA:42,1
DA:45,2
DA:46,2
DA:47,2
DA:48,2
DA:49,2
DA:50,2
DA:51,2
DA:52,0
DA:53,2
DA:54,2
DA:55,2
DA:56,0
DA:57,2
DA:58,2
DA:59,2
DA:60,2
DA:61,2
DA:62,2
DA:63,0
DA:64,2
DA:65,2
DA:66,2
DA:67,2
DA:68,2
DA:69,2
DA:70,2
DA:71,2
DA:72,2
DA:73,2
DA:74,2
DA:75,2
DA:76,2
DA:78,2
DA:79,0
DA:80,2
DA:81,1
DA:82,1
DA:83,1
DA:85,0
DA:88,2
DA:89,2
DA:92,0
DA:94,2
DA:95,2
DA:96,2
DA:97,2
DA:98,0
DA:99,2
DA:100,2
DA:101,2
DA:102,2
DA:105,2
DA:106,2
DA:107,2
DA:108,2
DA:109,2
DA:110,2
DA:111,2
DA:112,2
DA:114,0
DA:115,0
DA:116,0
DA:117,0
DA:118,0
DA:119,0
DA:120,0
DA:121,2
DA:122,2
DA:123,2
DA:124,2
DA:125,2
DA:126,2
DA:127,2
DA:128,2
DA:129,2
DA:130,2
DA:131,2
DA:132,2
DA:133,2
DA:134,2
DA:135,2
DA:136,2
DA:138,7
DA:139,5
DA:140,5
DA:142,5
DA:143,5
DA:144,5
DA:145,5
DA:146,5
DA:148,5
DA:149,5
DA:150,5
DA:151,5
DA:152,5
DA:153,5
DA:154,0
DA:155,5
DA:158,2
DA:159,2
DA:162,0
DA:163,0
DA:164,0
DA:165,0
DA:166,0
DA:167,0
DA:168,0
DA:169,0
DA:170,0
DA:171,0
DA:172,0
DA:173,0
DA:174,0
DA:175,0
DA:176,0
DA:179,0
DA:180,0
DA:181,0
DA:182,0
DA:183,0
DA:184,0
DA:185,0
DA:187,0
DA:188,0
DA:190,0
DA:191,0
DA:192,0
DA:193,0
DA:194,0
DA:195,0
DA:197,0
DA:200,0
DA:201,0
DA:205,0
DA:206,0
DA:207,0
DA:208,0
DA:209,0
DA:210,0
DA:211,0
DA:212,0
DA:213,0
DA:214,0
DA:217,0
DA:218,0
DA:219,0
DA:220,0
DA:221,0
DA:222,0
DA:223,0
DA:225,0
DA:228,0
DA:229,0
DA:233,2
DA:234,2
DA:235,2
DA:236,2
DA:237,2
DA:240,7
DA:241,5
DA:242,5
DA:243,5
DA:247,2
DA:248,0
DA:250,0
DA:251,0
DA:252,0
DA:253,0
DA:257,0
DA:258,0
DA:259,0
DA:260,0
DA:261,0
DA:262,0
DA:263,0
DA:264,0
DA:267,2
DA:269,2
DA:270,2
DA:272,0
DA:273,0
DA:274,0
DA:276,3
DA:277,3
DA:278,3
DA:290,2
DA:291,2
DA:292,2
DA:295,6
DA:296,6
DA:297,6
DA:298,6
DA:299,6
DA:300,6
DA:303,3
DA:304,3
DA:305,3
DA:306,3
DA:307,3
DA:308,3
DA:311,0
DA:312,0
DA:313,0
DA:317,1
DA:318,1
DA:320,5
DA:321,4
DA:322,4
DA:323,4
DA:326,1
DA:327,1
DA:329,0
DA:330,0
DA:331,0
DA:333,0
DA:334,0
DA:335,0
DA:339,0
DA:340,0
DA:341,0
DA:355,0
DA:356,0
DA:357,0
DA:358,0
DA:359,0
DA:360,0
DA:363,0
DA:364,0
DA:365,0
DA:366,0
DA:367,0
DA:368,0
DA:371,0
DA:372,0
DA:373,0
DA:374,0
DA:378,0
DA:379,0
DA:380,0
DA:381,0
DA:382,0
DA:383,0
DA:384,0
DA:385,0
DA:386,0
DA:387,0
DA:388,0
DA:389,0
DA:390,0
DA:391,0
DA:392,0
DA:393,0
DA:395,0
DA:396,0
DA:397,0
DA:398,0
DA:399,0
DA:400,0
DA:401,0
DA:402,0
DA:403,0
DA:405,0
DA:406,0
DA:407,0
DA:408,0
DA:409,0
DA:410,0
DA:411,0
DA:412,0
DA:413,0
DA:414,0
[...]
FN:59,_RNvMNtNtCs1I4G5KWFz5n_15embedded_charts5style4lineINtB2_9LineStyleNtNtNtCshH4H1wHMe2V_22embedded_graphics_core10pixelcolor9rgb_color6Rgb565E5solidB6_
FN:92,_RNvMNtNtCs1I4G5KWFz5n_15embedded_charts5style4lineINtB2_9LineStyleNtNtNtCshH4H1wHMe2V_22embedded_graphics_core10pixelcolor9rgb_color6Rgb565E5widthB6_
FN:70,_RNvMNtNtCs1I4G5KWFz5n_15embedded_charts5style4lineINtB2_9LineStyleNtNtNtCshH4H1wHMe2V_22embedded_graphics_core10pixelcolor9rgb_color6Rgb565E6dashedB6_
FN:81,_RNvMNtNtCs1I4G5KWFz5n_15embedded_charts5style4lineINtB2_9LineStyleNtNtNtCshH4H1wHMe2V_22embedded_graphics_core10pixelcolor9rgb_color6Rgb565E6dottedB6_
FN:104,_RNvMNtNtCs1I4G5KWFz5n_15embedded_charts5style4lineINtB2_9LineStyleNtNtNtCshH4H1wHMe2V_22embedded_graphics_core10pixelcolor9rgb_color6Rgb565E7patternB6_
FN:153,_RNvMs0_NtNtCs1I4G5KWFz5n_15embedded_charts5style4lineINtB5_11BorderStyleNtNtNtCshH4H1wHMe2V_22embedded_graphics_core10pixelcolor9rgb_color6Rgb565E7roundedB9_
FN:194,_RNvMs2_NtNtCs1I4G5KWFz5n_15embedded_charts5style4lineINtB5_11StrokeStyleNtNtNtCshH4H1wHMe2V_22embedded_graphics_core10pixelcolor9rgb_color6Rgb565E3newB9_
FN:260,_RNvMs4_NtNtCs1I4G5KWFz5n_15embedded_charts5style4lineINtB5_9FillStyleNtNtNtCshH4H1wHMe2V_22embedded_graphics_core10pixelcolor9rgb_color6Rgb565E11solid_colorB9_
FN:232,_RNvMs4_NtNtCs1I4G5KWFz5n_15embedded_charts5style4lineINtB5_9FillStyleNtNtNtCshH4H1wHMe2V_22embedded_graphics_core10pixelcolor9rgb_color6Rgb565E5solidB9_
FN:200,_RNvXs3_NtNtCs1I4G5KWFz5n_15embedded_charts5style4lineINtB5_11StrokeStyleNtNtNtCshH4H1wHMe2V_22embedded_graphics_core10pixelcolor9rgb_color6Rgb565EINtNtCs3XRySYX51hI_4core7convert4FromINtB5_9LineStyleB18_EE4fromB9_
FNDA:0,_RNvMNtNtCs1I4G5KWFz5n_15embedded_charts5style4lineINtB2_9LineStylepE4joinB6_
FNDA:0,_RNvMNtNtCs1I4G5KWFz5n_15embedded_charts5style4lineINtB2_9LineStylepE5colorB6_
FNDA:0,_RNvMs0_NtNtCs1I4G5KWFz5n_15embedded_charts5style4lineINtB5_11BorderStylepE3newB9_
FNDA:0,_RNvMs0_NtNtCs1I4G5KWFz5n_15embedded_charts5style4lineINtB5_11BorderStylepE6radiusB9_
FNDA:0,_RNvMs0_NtNtCs1I4G5KWFz5n_15embedded_charts5style4lineINtB5_11BorderStylepE7visibleB9_
FNDA:0,_RNvMs4_NtNtCs1I4G5KWFz5n_15embedded_charts5style4lineINtB5_9FillStylepE15linear_gradientB9_
FNDA:0,_RNvMs4_NtNtCs1I4G5KWFz5n_15embedded_charts5style4lineINtB5_9FillStylepE15radial_gradientB9_
FNDA:0,_RNvMs4_NtNtCs1I4G5KWFz5n_15embedded_charts5style4lineINtB5_9FillStylepE7patternB9_
FNDA:0,_RNvXININtNtCs1I4G5KWFz5n_15embedded_charts5style4lines1_0pEINtB5_11BorderStylepENtNtCs3XRySYX51hI_4core7default7Default7defaultB9_
FNDA:0,_RNvXININtNtCs1I4G5KWFz5n_15embedded_charts5style4lines5_0pEINtB5_9FillStylepENtNtCs3XRySYX51hI_4core7default7Default7defaultB9_
FNDA:0,_RNvXININtNtCs1I4G5KWFz5n_15embedded_charts5style4lines_0pEINtB5_9LineStylepENtNtCs3XRySYX51hI_4core7default7Default7defaultB9_
FNDA:1,_RNvNtNtNtCs1I4G5KWFz5n_15embedded_charts5style4line5testss_15test_fill_style
FNDA:1,_RNvNtNtNtCs1I4G5KWFz5n_15embedded_charts5style4line5testss_17test_border_style
FNDA:1,_RNvNtNtNtCs1I4G5KWFz5n_15embedded_charts5style4line5testss_23test_line_style_builder
FNDA:1,_RNvNtNtNtCs1I4G5KWFz5n_15embedded_charts5style4line5testss_24test_line_style_creation
FNDA:1,_RNvNtNtNtCs1I4G5KWFz5n_15embedded_charts5style4line5testss_33test_stroke_style_from_line_style
FNDA:1,_RNvMNtNtCs1I4G5KWFz5n_15embedded_charts5style4lineINtB2_9LineStyleNtNtNtCshH4H1wHMe2V_22embedded_graphics_core10pixelcolor9rgb_color6Rgb565E3capB6_
FNDA:180,_RNvMNtNtCs1I4G5KWFz5n_15embedded_charts5style4lineINtB2_9LineStyleNtNtNtCshH4H1wHMe2V_22embedded_graphics_core10pixelcolor9rgb_color6Rgb565E5solidB6_
FNDA:46,_RNvMNtNtCs1I4G5KWFz5n_15embedded_charts5style4lineINtB2_9LineStyleNtNtNtCshH4H1wHMe2V_22embedded_graphics_core10pixelcolor9rgb_color6Rgb565E5widthB6_
FNDA:1,_RNvMNtNtCs1I4G5KWFz5n_15embedded_charts5style4lineINtB2_9LineStyleNtNtNtCshH4H1wHMe2V_22embedded_graphics_core10pixelcolor9rgb_color6Rgb565E6dashedB6_
FNDA:1,_RNvMNtNtCs1I4G5KWFz5n_15embedded_charts5style4lineINtB2_9LineStyleNtNtNtCshH4H1wHMe2V_22embedded_graphics_core10pixelcolor9rgb_color6Rgb565E6dottedB6_
FNDA:1,_RNvMNtNtCs1I4G5KWFz5n_15embedded_charts5style4lineINtB2_9LineStyleNtNtNtCshH4H1wHMe2V_22embedded_graphics_core10pixelcolor9rgb_color6Rgb565E7patternB6_
FNDA:1,_RNvMs0_NtNtCs1I4G5KWFz5n_15embedded_charts5style4lineINtB5_11BorderStyleNtNtNtCshH4H1wHMe2V_22embedded_graphics_core10pixelcolor9rgb_color6Rgb565E7roundedB9_
FNDA:1,_RNvMs2_NtNtCs1I4G5KWFz5n_15embedded_charts5style4lineINtB5_11StrokeStyleNtNtNtCshH4H1wHMe2V_22embedded_graphics_core10pixelcolor9rgb_color6Rgb565E3newB9_
FNDA:62,_RNvMs4_NtNtCs1I4G5KWFz5n_15embedded_charts5style4lineINtB5_9FillStyleNtNtNtCshH4H1wHMe2V_22embedded_graphics_core10pixelcolor9rgb_color6Rgb565E11solid_colorB9_
FNDA:8,_RNvMs4_NtNtCs1I4G5KWFz5n_15embedded_charts5style4lineINtB5_9FillStyleNtNtNtCshH4H1wHMe2V_22embedded_graphics_core10pixelcolor9rgb_color6Rgb565E5solidB9_
FNDA:1,_RNvXs3_NtNtCs1I4G5KWFz5n_15embedded_charts5style4lineINtB5_11StrokeStyleNtNtNtCshH4H1wHMe2V_22embedded_graphics_core10pixelcolor9rgb_color6Rgb565EINtNtCs3XRySYX51hI_4core7convert4FromINtB5_9LineStyleB18_EE4fromB9_
FNF:27
FNH:16
DA:59,180
DA:60,180
DA:61,180
DA:62,180
DA:63,180
DA:64,180
DA:65,180
DA:66,180
DA:67,180
DA:70,1
DA:71,1
DA:72,1
DA:73,1
DA:74,1
DA:75,1
DA:76,1
DA:77,1
DA:78,1
DA:81,1
DA:82,1
DA:83,1
DA:84,1
DA:85,1
DA:86,1
DA:87,1
DA:88,1
DA:89,1
DA:92,46
DA:93,46
DA:94,46
DA:95,46
DA:98,0
DA:99,0
DA:100,0
DA:101,0
DA:104,1
DA:105,1
DA:106,1
DA:107,1
DA:110,1
DA:111,1
DA:112,1
DA:113,1
DA:116,0
DA:117,0
DA:118,0
DA:119,0
DA:126,0
DA:127,0
DA:128,0
DA:144,0
DA:145,0
DA:146,0
DA:147,0
DA:148,0
DA:149,0
DA:150,0
DA:153,1
DA:154,1
DA:155,1
DA:156,1
DA:157,1
DA:158,1
DA:159,1
DA:162,0
DA:163,0
DA:164,0
DA:165,0
DA:168,0
DA:169,0
DA:170,0
DA:171,0
DA:178,0
DA:179,0
DA:180,0
DA:194,1
DA:195,1
DA:196,1
DA:200,1
DA:201,1
DA:202,1
DA:203,1
DA:204,1
DA:205,1
DA:232,8
DA:233,8
DA:234,8
DA:235,8
DA:236,8
DA:239,0
DA:240,0
DA:241,0
DA:242,0
DA:243,0
DA:246,0
DA:247,0
DA:248,0
DA:249,0
DA:250,0
DA:253,0
DA:254,0
DA:255,0
DA:256,0
DA:257,0
DA:260,62
DA:261,62
DA:262,62
DA:263,0
DA:265,62
DA:272,0
DA:273,0
DA:274,0
DA:283,1
DA:284,1
DA:285,1
DA:286,1
DA:287,1
DA:288,1
DA:291,1
DA:292,1
DA:293,1
DA:294,1
DA:295,1
DA:296,1
DA:297,1
DA:298,1
DA:299,1
DA:300,1
DA:301,1
DA:304,1
DA:305,1
DA:306,1
DA:307,1
DA:308,1
DA:309,1
DA:310,1
DA:311,1
DA:314,1
DA:315,1
DA:316,1
DA:317,1
DA:318,1
DA:319,1
DA:320,1
DA:323,1
DA:324,1
DA:325,1
DA:326,1
DA:327,1
BRF:0
BRH:0
LF:149
LH:101
end_of_record
SF:/home/tasuku/com/github/signal-slot/embedded-charts/src/style/themes.rs
FN:49,_RNvMNtNtCs1I4G5KWFz5n_15embedded_charts5style6themesINtB2_5ThemepE4darkB6_
FN:33,_RNvMNtNtCs1I4G5KWFz5n_15embedded_charts5style6themesINtB2_5ThemepE5lightB6_
FN:121,_RNvMNtNtCs1I4G5KWFz5n_15embedded_charts5style6themesINtB2_5ThemepE5oceanB6_
FN:189,_RNvMNtNtCs1I4G5KWFz5n_15embedded_charts5style6themesINtB2_5ThemepE5retroB6_
FN:104,_RNvMNtNtCs1I4G5KWFz5n_15embedded_charts5style6themesINtB2_5ThemepE6natureB6_
FN:84,_RNvMNtNtCs1I4G5KWFz5n_15embedded_charts5style6themesINtB2_5ThemepE6pastelB6_
FN:138,_RNvMNtNtCs1I4G5KWFz5n_15embedded_charts5style6themesINtB2_5ThemepE6sunsetB6_
FN:172,_RNvMNtNtCs1I4G5KWFz5n_15embedded_charts5style6themesINtB2_5ThemepE7minimalB6_
FN:66,_RNvMNtNtCs1I4G5KWFz5n_15embedded_charts5style6themesINtB2_5ThemepE7vibrantB6_
FN:155,_RNvMNtNtCs1I4G5KWFz5n_15embedded_charts5style6themesINtB2_5ThemepE9cyberpunkB6_
FNDA:0,_RNvMNtNtCs1I4G5KWFz5n_15embedded_charts5style6themesINtB2_5ThemepE4darkB6_
FNDA:0,_RNvMNtNtCs1I4G5KWFz5n_15embedded_charts5style6themesINtB2_5ThemepE5lightB6_
FNDA:0,_RNvMNtNtCs1I4G5KWFz5n_15embedded_charts5style6themesINtB2_5ThemepE5oceanB6_
FNDA:0,_RNvMNtNtCs1I4G5KWFz5n_15embedded_charts5style6themesINtB2_5ThemepE5retroB6_
FNDA:0,_RNvMNtNtCs1I4G5KWFz5n_15embedded_charts5style6themesINtB2_5ThemepE6natureB6_
FNDA:0,_RNvMNtNtCs1I4G5KWFz5n_15embedded_charts5style6themesINtB2_5ThemepE6pastelB6_
FNDA:0,_RNvMNtNtCs1I4G5KWFz5n_15embedded_charts5style6themesINtB2_5ThemepE6sunsetB6_
FNDA:0,_RNvMNtNtCs1I4G5KWFz5n_15embedded_charts5style6themesINtB2_5ThemepE7minimalB6_
FNDA:0,_RNvMNtNtCs1I4G5KWFz5n_15embedded_charts5style6themesINtB2_5ThemepE7vibrantB6_
FNDA:0,_RNvMNtNtCs1I4G5KWFz5n_15embedded_charts5style6themesINtB2_5ThemepE9cyberpunkB6_
FNF:10
FNH:0
DA:33,0
DA:34,0
DA:35,0
DA:36,0
DA:37,0
DA:38,0
DA:39,0
DA:40,0
DA:41,0
DA:42,0
DA:43,0
DA:44,0
DA:45,0
DA:46,0
DA:49,0
DA:50,0
DA:51,0
DA:52,0
DA:53,0
DA:54,0
DA:55,0
DA:56,0
DA:57,0
DA:58,0
DA:59,0
DA:60,0
DA:61,0
DA:62,0
DA:63,0
DA:66,0
DA:67,0
DA:68,0
DA:69,0
DA:70,0
DA:71,0
DA:72,0
DA:73,0
DA:74,0
DA:75,0
DA:76,0
DA:77,0
DA:78,0
DA:79,0
DA:80,0
DA:81,0
DA:84,0
DA:85,0
DA:86,0
DA:87,0
DA:88,0
DA:89,0
DA:90,0
DA:91,0
DA:92,0
DA:93,0
DA:94,0
DA:95,0
DA:96,0
DA:97,0
DA:98,0
DA:99,0
DA:100,0
DA:101,0
DA:104,0
DA:105,0
DA:106,0
DA:107,0
DA:108,0
DA:109,0
DA:110,0
DA:111,0
DA:112,0
DA:113,0
DA:114,0
DA:115,0
DA:116,0
DA:117,0
DA:118,0
DA:121,0
DA:122,0
DA:123,0
DA:124,0
DA:125,0
DA:126,0
DA:127,0
DA:128,0
DA:129,0
DA:130,0
DA:131,0
DA:132,0
DA:133,0
DA:134,0
DA:135,0
DA:138,0
DA:139,0
DA:140,0
DA:141,0
DA:142,0
DA:143,0
DA:144,0
DA:145,0
DA:146,0
DA:147,0
DA:148,0
DA:149,0
DA:150,0
DA:151,0
DA:152,0
DA:155,0
DA:156,0
DA:157,0
DA:158,0
DA:159,0
DA:160,0
DA:161,0
DA:162,0
DA:163,0
DA:164,0
DA:165,0
DA:166,0
DA:167,0
DA:168,0
DA:169,0
DA:172,0
DA:173,0
DA:174,0
DA:175,0
DA:176,0
DA:177,0
DA:178,0
DA:179,0
DA:180,0
DA:181,0
DA:182,0
DA:183,0
DA:184,0
DA:185,0
DA:186,0
DA:189,0
DA:190,0
DA:191,0
DA:192,0
DA:193,0
DA:194,0
DA:195,0
DA:196,0
DA:197,0
DA:198,0
DA:199,0
DA:200,0
DA:201,0
DA:202,0
DA:203,0
BRF:0
BRH:0
LF:153
LH:0
end_of_record
SF:/home/tasuku/com/github/signal-slot/embedded-charts/src/time.rs
FN:161,_RINvMNtCs1I4G5KWFz5n_15embedded_charts4timeINtB3_21MonotonicTimeProviderpE10from_tickspEB5_
FN:168,_RNCINvMNtCs1I4G5KWFz5n_15embedded_charts4timeINtB5_21MonotonicTimeProviderpE10from_tickspE0B7_
FN:261,_RNvMs0_NtCs1I4G5KWFz5n_15embedded_charts4timeNtB5_18ManualTimeProvider11set_time_ms
FN:256,_RNvMs0_NtCs1I4G5KWFz5n_15embedded_charts4timeNtB5_18ManualTimeProvider11set_time_us
FN:237,_RNvMs0_NtCs1I4G5KWFz5n_15embedded_charts4timeNtB5_18ManualTimeProvider15with_start_time
FN:195,_RNvXININtCs1I4G5KWFz5n_15embedded_charts4times_0pEINtB5_21MonotonicTimeProviderpENtB5_12TimeProvider12last_time_msB7_
FN:199,_RNvXININtCs1I4G5KWFz5n_15embedded_charts4times_0pEINtB5_21MonotonicTimeProviderpENtB5_12TimeProvider12last_time_usB7_
FN:187,_RNvXININtCs1I4G5KWFz5n_15embedded_charts4times_0pEINtB5_21MonotonicTimeProviderpENtB5_12TimeProvider15current_time_msB7_
FN:203,_RNvXININtCs1I4G5KWFz5n_15embedded_charts4times_0pEINtB5_21MonotonicTimeProviderpENtB5_12TimeProvider19update_last_time_msB7_
FN:207,_RNvXININtCs1I4G5KWFz5n_15embedded_charts4times_0pEINtB5_21MonotonicTimeProviderpENtB5_12TimeProvider19update_last_time_usB7_
FN:267,_RNvXs1_NtCs1I4G5KWFz5n_15embedded_charts4timeNtB5_18ManualTimeProviderNtNtCs3XRySYX51hI_4core7default7Default7default
FN:285,_RNvXs2_NtCs1I4G5KWFz5n_15embedded_charts4timeNtB5_18ManualTimeProviderNtB5_12TimeProvider12last_time_us
FN:328,_RNvXs4_NtCs1I4G5KWFz5n_15embedded_charts4timeNtB5_15StdTimeProviderNtNtCs3XRySYX51hI_4core7default7Default7default
FN:343,_RNvXs5_NtCs1I4G5KWFz5n_15embedded_charts4timeNtB5_15StdTimeProviderNtB5_12TimeProvider12last_time_ms
FN:347,_RNvXs5_NtCs1I4G5KWFz5n_15embedded_charts4timeNtB5_15StdTimeProviderNtB5_12TimeProvider12last_time_us
FN:339,_RNvXs5_NtCs1I4G5KWFz5n_15embedded_charts4timeNtB5_15StdTimeProviderNtB5_12TimeProvider15current_time_us
FN:351,_RNvXs5_NtCs1I4G5KWFz5n_15embedded_charts4timeNtB5_15StdTimeProviderNtB5_12TimeProvider19update_last_time_ms
FN:355,_RNvXs5_NtCs1I4G5KWFz5n_15embedded_charts4timeNtB5_15StdTimeProviderNtB5_12TimeProvider19update_last_time_us
FN:45,_RNvYpNtNtCs1I4G5KWFz5n_15embedded_charts4time12TimeProvider10elapsed_usB7_
FN:125,_RNvMNtCs1I4G5KWFz5n_15embedded_charts4timeINtB2_21MonotonicTimeProviderNCNvNtB2_5testss_28test_monotonic_time_provider0E3newB4_
FN:191,_RNvXs_NtCs1I4G5KWFz5n_15embedded_charts4timeINtB4_21MonotonicTimeProviderNCNvNtB4_5testss_28test_monotonic_time_provider0ENtB4_12TimeProvider15current_time_usB6_
FN:34,_RNvYNtNtCs1I4G5KWFz5n_15embedded_charts4time18ManualTimeProviderNtB4_12TimeProvider10elapsed_msB6_
FN:75,_RNvYNtNtCs1I4G5KWFz5n_15embedded_charts4time18ManualTimeProviderNtB4_12TimeProvider5resetB6_
FN:399,_RNCNvNtNtCs1I4G5KWFz5n_15embedded_charts4time5testss_28test_monotonic_time_provider0B7_
FN:246,_RNvMs0_NtCs1I4G5KWFz5n_15embedded_charts4timeNtB5_18ManualTimeProvider10advance_ms
FN:251,_RNvMs0_NtCs1I4G5KWFz5n_15embedded_charts4timeNtB5_18ManualTimeProvider10advance_us
FN:228,_RNvMs0_NtCs1I4G5KWFz5n_15embedded_charts4timeNtB5_18ManualTimeProvider3new
FN:316,_RNvMs3_NtCs1I4G5KWFz5n_15embedded_charts4timeNtB5_15StdTimeProvider3new
FN:281,_RNvXs2_NtCs1I4G5KWFz5n_15embedded_charts4timeNtB5_18ManualTimeProviderNtB5_12TimeProvider12last_time_ms
FN:273,_RNvXs2_NtCs1I4G5KWFz5n_15embedded_charts4timeNtB5_18ManualTimeProviderNtB5_12TimeProvider15current_time_ms
FN:277,_RNvXs2_NtCs1I4G5KWFz5n_15embedded_charts4timeNtB5_18ManualTimeProviderNtB5_12TimeProvider15current_time_us
FN:289,_RNvXs2_NtCs1I4G5KWFz5n_15embedded_charts4timeNtB5_18ManualTimeProviderNtB5_12TimeProvider19update_last_time_ms
FN:293,_RNvXs2_NtCs1I4G5KWFz5n_15embedded_charts4timeNtB5_18ManualTimeProviderNtB5_12TimeProvider19update_last_time_us
FN:335,_RNvXs5_NtCs1I4G5KWFz5n_15embedded_charts4timeNtB5_15StdTimeProviderNtB5_12TimeProvider15current_time_ms
FN:422,_RNvNtNtCs1I4G5KWFz5n_15embedded_charts4time5testss_22test_std_time_provider
FN:433,_RNvNtNtCs1I4G5KWFz5n_15embedded_charts4time5testss_24test_time_provider_reset
FN:365,_RNvNtNtCs1I4G5KWFz5n_15embedded_charts4time5testss_25test_manual_time_provider
FN:395,_RNvNtNtCs1I4G5KWFz5n_15embedded_charts4time5testss_28test_monotonic_time_provider
FN:381,_RNvNtNtCs1I4G5KWFz5n_15embedded_charts4time5testss_33test_manual_time_provider_elapsed
FNDA:0,_RINvMNtCs1I4G5KWFz5n_15embedded_charts4timeINtB3_21MonotonicTimeProviderpE10from_tickspEB5_
FNDA:0,_RNCINvMNtCs1I4G5KWFz5n_15embedded_charts4timeINtB5_21MonotonicTimeProviderpE10from_tickspE0B7_
FNDA:0,_RNvMs0_NtCs1I4G5KWFz5n_15embedded_charts4timeNtB5_18ManualTimeProvider11set_time_ms
FNDA:0,_RNvMs0_NtCs1I4G5KWFz5n_15embedded_charts4timeNtB5_18ManualTimeProvider11set_time_us
FNDA:0,_RNvMs0_NtCs1I4G5KWFz5n_15embedded_charts4timeNtB5_18ManualTimeProvider15with_start_time
FNDA:0,_RNvXININtCs1I4G5KWFz5n_15embedded_charts4times_0pEINtB5_21MonotonicTimeProviderpENtB5_12TimeProvider12last_time_msB7_
FNDA:0,_RNvXININtCs1I4G5KWFz5n_15embedded_charts4times_0pEINtB5_21MonotonicTimeProviderpENtB5_12TimeProvider12last_time_usB7_
FNDA:0,_RNvXININtCs1I4G5KWFz5n_15embedded_charts4times_0pEINtB5_21MonotonicTimeProviderpENtB5_12TimeProvider15current_time_msB7_
FNDA:0,_RNvXININtCs1I4G5KWFz5n_15embedded_charts4times_0pEINtB5_21MonotonicTimeProviderpENtB5_12TimeProvider19update_last_time_msB7_
FNDA:0,_RNvXININtCs1I4G5KWFz5n_15embedded_charts4times_0pEINtB5_21MonotonicTimeProviderpENtB5_12TimeProvider19update_last_time_usB7_
FNDA:0,_RNvXs1_NtCs1I4G5KWFz5n_15embedded_charts4timeNtB5_18ManualTimeProviderNtNtCs3XRySYX51hI_4core7default7Default7default
FNDA:0,_RNvXs2_NtCs1I4G5KWFz5n_15embedded_charts4timeNtB5_18ManualTimeProviderNtB5_12TimeProvider12last_time_us
FNDA:0,_RNvXs4_NtCs1I4G5KWFz5n_15embedded_charts4timeNtB5_15StdTimeProviderNtNtCs3XRySYX51hI_4core7default7Default7default
FNDA:0,_RNvXs5_NtCs1I4G5KWFz5n_15embedded_charts4timeNtB5_15StdTimeProviderNtB5_12TimeProvider12last_time_ms
FNDA:0,_RNvXs5_NtCs1I4G5KWFz5n_15embedded_charts4timeNtB5_15StdTimeProviderNtB5_12TimeProvider12last_time_us
FNDA:0,_RNvXs5_NtCs1I4G5KWFz5n_15embedded_charts4timeNtB5_15StdTimeProviderNtB5_12TimeProvider15current_time_us
FNDA:0,_RNvXs5_NtCs1I4G5KWFz5n_15embedded_charts4timeNtB5_15StdTimeProviderNtB5_12TimeProvider19update_last_time_ms
FNDA:0,_RNvXs5_NtCs1I4G5KWFz5n_15embedded_charts4timeNtB5_15StdTimeProviderNtB5_12TimeProvider19update_last_time_us
FNDA:0,_RNvYpNtNtCs1I4G5KWFz5n_15embedded_charts4time12TimeProvider10elapsed_usB7_
FNDA:1,_RNvMNtCs1I4G5KWFz5n_15embedded_charts4timeINtB2_21MonotonicTimeProviderNCNvNtB2_5testss_28test_monotonic_time_provider0E3newB4_
FNDA:2,_RNvXs_NtCs1I4G5KWFz5n_15embedded_charts4timeINtB4_21MonotonicTimeProviderNCNvNtB4_5testss_28test_monotonic_time_provider0ENtB4_12TimeProvider15current_time_usB6_
FNDA:5,_RNvYNtNtCs1I4G5KWFz5n_15embedded_charts4time18ManualTimeProviderNtB4_12TimeProvider10elapsed_msB6_
FNDA:1,_RNvYNtNtCs1I4G5KWFz5n_15embedded_charts4time18ManualTimeProviderNtB4_12TimeProvider5resetB6_
FNDA:3,_RNCNvNtNtCs1I4G5KWFz5n_15embedded_charts4time5testss_28test_monotonic_time_provider0B7_
FNDA:11,_RNvMs0_NtCs1I4G5KWFz5n_15embedded_charts4timeNtB5_18ManualTimeProvider10advance_ms
FNDA:1,_RNvMs0_NtCs1I4G5KWFz5n_15embedded_charts4timeNtB5_18ManualTimeProvider10advance_us
FNDA:5,_RNvMs0_NtCs1I4G5KWFz5n_15embedded_charts4timeNtB5_18ManualTimeProvider3new
FNDA:1,_RNvMs3_NtCs1I4G5KWFz5n_15embedded_charts4timeNtB5_15StdTimeProvider3new
FNDA:5,_RNvXs2_NtCs1I4G5KWFz5n_15embedded_charts4timeNtB5_18ManualTimeProviderNtB5_12TimeProvider12last_time_ms
FNDA:16,_RNvXs2_NtCs1I4G5KWFz5n_15embedded_charts4timeNtB5_18ManualTimeProviderNtB5_12TimeProvider15current_time_ms
FNDA:4,_RNvXs2_NtCs1I4G5KWFz5n_15embedded_charts4timeNtB5_18ManualTimeProviderNtB5_12TimeProvider15current_time_us
FNDA:6,_RNvXs2_NtCs1I4G5KWFz5n_15embedded_charts4timeNtB5_18ManualTimeProviderNtB5_12TimeProvider19update_last_time_ms
FNDA:1,_RNvXs2_NtCs1I4G5KWFz5n_15embedded_charts4timeNtB5_18ManualTimeProviderNtB5_12TimeProvider19update_last_time_us
FNDA:2,_RNvXs5_NtCs1I4G5KWFz5n_15embedded_charts4timeNtB5_15StdTimeProviderNtB5_12TimeProvider15current_time_ms
FNDA:1,_RNvNtNtCs1I4G5KWFz5n_15embedded_charts4time5testss_22test_std_time_provider
FNDA:1,_RNvNtNtCs1I4G5KWFz5n_15embedded_charts4time5testss_24test_time_provider_reset
FNDA:1,_RNvNtNtCs1I4G5KWFz5n_15embedded_charts4time5testss_25test_manual_time_provider
FNDA:1,_RNvNtNtCs1I4G5KWFz5n_15embedded_charts4time5testss_28test_monotonic_time_provider
FNDA:1,_RNvNtNtCs1I4G5KWFz5n_15embedded_charts4time5testss_33test_manual_time_provider_elapsed
FNF:39
FNH:20
DA:34,5
DA:35,5
DA:36,5
DA:37,5
DA:38,5
DA:39,5
DA:45,0
DA:46,0
DA:47,0
DA:48,0
DA:49,0
DA:50,0
DA:75,1
DA:76,1
DA:77,1
DA:78,1
DA:79,1
DA:80,1
DA:125,1
DA:126,1
DA:127,1
DA:128,1
DA:129,1
DA:130,1
DA:131,1
DA:132,1
DA:161,0
DA:162,0
DA:163,0
DA:164,0
DA:165,0
DA:166,0
DA:167,0
DA:168,0
DA:169,0
DA:170,0
DA:171,0
DA:172,0
DA:174,0
DA:175,0
DA:176,0
DA:177,0
DA:178,0
DA:179,0
DA:180,0
DA:187,0
DA:188,0
DA:189,0
DA:191,2
DA:192,2
DA:193,2
DA:195,0
DA:196,0
DA:197,0
DA:199,0
DA:200,0
DA:201,0
DA:203,0
DA:204,0
DA:205,0
DA:207,0
DA:208,0
DA:209,0
DA:228,5
DA:229,5
DA:230,5
DA:231,5
DA:232,5
DA:233,5
DA:234,5
DA:237,0
DA:238,0
DA:239,0
DA:240,0
DA:241,0
DA:242,0
DA:243,0
DA:246,11
DA:247,11
DA:248,11
DA:251,1
DA:252,1
DA:253,1
DA:256,0
DA:257,0
DA:258,0
DA:261,0
DA:262,0
DA:263,0
DA:267,0
DA:268,0
DA:269,0
DA:273,16
DA:274,16
DA:275,16
DA:277,4
DA:278,4
DA:279,4
DA:281,5
DA:282,5
DA:283,5
DA:285,0
DA:286,0
DA:287,0
DA:289,6
DA:290,6
DA:291,6
DA:293,1
DA:294,1
DA:295,1
DA:316,1
DA:317,1
DA:318,1
DA:319,1
DA:320,1
DA:321,1
DA:322,1
DA:323,1
DA:328,0
DA:329,0
DA:330,0
DA:335,2
DA:336,2
DA:337,2
DA:339,0
DA:340,0
DA:341,0
DA:343,0
DA:344,0
DA:345,0
DA:347,0
DA:348,0
DA:349,0
DA:351,0
DA:352,0
DA:353,0
DA:355,0
DA:356,0
DA:357,0
DA:365,1
DA:366,1
DA:367,1
DA:368,1
DA:369,1
DA:371,1
DA:372,1
DA:373,1
DA:375,1
DA:376,1
DA:377,1
DA:378,1
DA:381,1
DA:382,1
DA:383,1
DA:384,1
DA:385,1
DA:387,1
DA:388,1
DA:390,1
DA:391,1
DA:392,1
DA:395,1
DA:398,1
DA:399,3
DA:400,3
DA:401,3
DA:402,3
DA:403,3
DA:405,1
DA:406,1
DA:407,1
DA:408,1
DA:409,1
DA:410,1
DA:411,1
DA:412,1
DA:422,1
DA:423,1
DA:424,1
DA:425,1
DA:426,1
DA:427,1
DA:428,1
DA:429,1
DA:430,1
DA:433,1
DA:434,1
DA:435,1
DA:436,1
DA:437,1
DA:438,1
DA:439,1
DA:440,1
DA:441,1
DA:442,1
DA:443,1
DA:444,1
DA:445,1
DA:446,1
BRF:0
BRH:0
LF:201
LH:123
end_of_record